[14Aug2025 02:50:12.307] [Server thread/INFO] [net.minecraft.server.players.PlayerList/]: MrWest02[/210.186.227.67:52420] logged in with entity id 38511 at (219.67127444958072, 281.0, 538.7624999880791)
[14Aug2025 02:50:12.436] [Server thread/INFO] [net.minecraft.server.MinecraftServer/]: MrWest02 joined the game
[14Aug2025 02:50:16.271] [Server thread/WARN] [net.minecraft.server.MinecraftServer/]: Can't keep up! Is the server overloaded? Running 4063ms or 81 ticks behind
[14Aug2025 02:50:59.583] [Server thread/INFO] [net.minecraft.server.MinecraftServer/]: MrWest02 was blown up by Creeper
[14Aug2025 03:00:13.167] [Server thread/WARN] [net.minecraft.server.network.ServerGamePacketListenerImpl/]: MrWest02 moved too quickly! 0.05844413557088046,-10.846845321693849,-0.05460212604168646
[14Aug2025 03:10:15.543] [Server thread/INFO] [net.minecraft.server.players.PlayerList/]: Meow[/182.62.70.212:10747] logged in with entity id 42233 at (227.69999998807907, 119.0, 559.6999999880791)
[14Aug2025 03:10:15.560] [Server thread/INFO] [net.minecraft.server.MinecraftServer/]: Meow joined the game
[14Aug2025 03:13:22.288] [Server thread/INFO] [net.minecraft.server.network.ServerGamePacketListenerImpl/]: Meow lost connection: Disconnected
[14Aug2025 03:13:22.290] [Server thread/INFO] [net.minecraft.server.MinecraftServer/]: Meow left the game
[14Aug2025 03:17:27.362] [Server thread/INFO] [net.minecraft.server.players.PlayerList/]: Meow[/182.62.70.212:10740] logged in with entity id 43194 at (181.30000001192093, 128.0, 481.15680988947133)
[14Aug2025 03:17:27.375] [Server thread/INFO] [net.minecraft.server.MinecraftServer/]: Meow joined the game
[14Aug2025 03:19:04.537] [Server thread/INFO] [net.minecraft.server.MinecraftServer/]: [Not Secure] <Meow> tido jap
[14Aug2025 03:20:57.091] [Server thread/INFO] [net.minecraft.server.MinecraftServer/]: [Not Secure] <Meow> portal dah betulkan ke
[14Aug2025 03:23:20.901] [Server thread/INFO] [net.minecraft.server.MinecraftServer/]: [Not Secure] <Meow> oi
[14Aug2025 03:24:18.450] [Server thread/INFO] [net.minecraft.server.MinecraftServer/]: [Not Secure] <MrWest02> apa
[14Aug2025 03:24:22.757] [Server thread/INFO] [net.minecraft.server.MinecraftServer/]: [Not Secure] <Meow> portal babi
[14Aug2025 03:24:30.639] [Server thread/INFO] [net.minecraft.server.MinecraftServer/]: [Not Secure] <MrWest02> asal
[14Aug2025 03:24:34.001] [Server thread/INFO] [net.minecraft.server.MinecraftServer/]: [Not Secure] <Meow> dah betulkan ke
[14Aug2025 03:24:38.443] [Server thread/INFO] [net.minecraft.server.MinecraftServer/]: [Not Secure] <MrWest02> dah2
[14Aug2025 03:24:46.306] [Server thread/INFO] [net.minecraft.server.MinecraftServer/]: [Not Secure] <Meow> jawab tu pun susah
[14Aug2025 03:24:48.924] [Server thread/INFO] [net.minecraft.server.MinecraftServer/]: [Not Secure] <Meow> konek betul
[14Aug2025 03:24:49.225] [Server thread/INFO] [net.minecraft.server.MinecraftServer/]: [Not Secure] <MrWest02> nak gi nether ka
[14Aug2025 03:24:55.953] [Server thread/INFO] [net.minecraft.server.MinecraftServer/]: [Not Secure] <Meow> nak amik magma
[14Aug2025 03:24:57.252] [Server thread/INFO] [net.minecraft.server.MinecraftServer/]: [Not Secure] <MrWest02> tak kluar du text tadi
[14Aug2025 03:26:22.581] [Server thread/INFO] [net.minecraft.server.MinecraftServer/]: [Not Secure] <Meow> masuk ii ada lava
[14Aug2025 03:26:25.971] [Server thread/INFO] [net.minecraft.server.MinecraftServer/]: [Not Secure] <Meow> siot ko ni
[14Aug2025 03:26:30.862] [Server thread/INFO] [net.minecraft.server.MinecraftServer/]: [Not Secure] <MrWest02> mmg cmtu du
[14Aug2025 03:26:31.612] [Server thread/WARN] [net.minecraft.server.MinecraftServer/]: Can't keep up! Is the server overloaded? Running 2003ms or 40 ticks behind
[14Aug2025 03:26:55.642] [Server thread/WARN] [net.minecraft.server.MinecraftServer/]: Can't keep up! Is the server overloaded? Running 9034ms or 180 ticks behind
[14Aug2025 03:27:17.610] [Server thread/WARN] [net.minecraft.server.MinecraftServer/]: Can't keep up! Is the server overloaded? Running 7001ms or 140 ticks behind
[14Aug2025 03:27:40.222] [Server thread/WARN] [net.minecraft.server.MinecraftServer/]: Can't keep up! Is the server overloaded? Running 7613ms or 152 ticks behind
[14Aug2025 03:28:02.356] [Server thread/WARN] [net.minecraft.server.MinecraftServer/]: Can't keep up! Is the server overloaded? Running 7147ms or 142 ticks behind
[14Aug2025 03:28:22.922] [Server thread/WARN] [net.minecraft.server.MinecraftServer/]: Can't keep up! Is the server overloaded? Running 5614ms or 112 ticks behind
[14Aug2025 03:28:43.835] [Server thread/WARN] [net.minecraft.server.MinecraftServer/]: Can't keep up! Is the server overloaded? Running 5926ms or 118 ticks behind
[14Aug2025 03:29:04.996] [Server thread/WARN] [net.minecraft.server.MinecraftServer/]: Can't keep up! Is the server overloaded? Running 6187ms or 123 ticks behind
[14Aug2025 03:29:25.461] [Server thread/WARN] [net.minecraft.server.MinecraftServer/]: Can't keep up! Is the server overloaded? Running 5503ms or 110 ticks behind
[14Aug2025 03:29:46.967] [Server thread/WARN] [net.minecraft.server.MinecraftServer/]: Can't keep up! Is the server overloaded? Running 6508ms or 130 ticks behind
[14Aug2025 03:30:12.470] [Server thread/WARN] [net.minecraft.server.MinecraftServer/]: Can't keep up! Is the server overloaded? Running 10511ms or 210 ticks behind
[14Aug2025 03:30:33.597] [Server thread/WARN] [net.minecraft.server.MinecraftServer/]: Can't keep up! Is the server overloaded? Running 6138ms or 122 ticks behind
[14Aug2025 03:30:51.746] [Server thread/WARN] [net.minecraft.server.MinecraftServer/]: Can't keep up! Is the server overloaded? Running 3187ms or 63 ticks behind
[14Aug2025 03:30:59.200] [Server thread/INFO] [net.minecraft.server.MinecraftServer/]: Meow has made the advancement [Who is Cutting Onions?]
[14Aug2025 03:31:10.670] [Server thread/WARN] [net.minecraft.server.MinecraftServer/]: Can't keep up! Is the server overloaded? Running 3961ms or 79 ticks behind
[14Aug2025 03:31:29.519] [Server thread/WARN] [net.minecraft.server.MinecraftServer/]: Can't keep up! Is the server overloaded? Running 3860ms or 77 ticks behind
[14Aug2025 03:31:49.302] [Server thread/WARN] [net.minecraft.server.MinecraftServer/]: Can't keep up! Is the server overloaded? Running 4793ms or 95 ticks behind
[14Aug2025 03:32:09.351] [Server thread/WARN] [net.minecraft.server.MinecraftServer/]: Can't keep up! Is the server overloaded? Running 5093ms or 101 ticks behind
[14Aug2025 03:32:29.568] [Server thread/WARN] [net.minecraft.server.MinecraftServer/]: Can't keep up! Is the server overloaded? Running 5259ms or 105 ticks behind
[14Aug2025 03:32:49.211] [Server thread/WARN] [net.minecraft.server.MinecraftServer/]: Can't keep up! Is the server overloaded? Running 4652ms or 93 ticks behind
[14Aug2025 03:33:07.826] [Server thread/WARN] [net.minecraft.server.MinecraftServer/]: Can't keep up! Is the server overloaded? Running 3618ms or 72 ticks behind
[14Aug2025 03:33:29.617] [Server thread/WARN] [net.minecraft.server.MinecraftServer/]: Can't keep up! Is the server overloaded? Running 6809ms or 136 ticks behind
[14Aug2025 03:33:48.622] [Server thread/WARN] [net.minecraft.server.MinecraftServer/]: Can't keep up! Is the server overloaded? Running 4013ms or 80 ticks behind
[14Aug2025 03:34:06.708] [Server thread/WARN] [net.minecraft.server.MinecraftServer/]: Can't keep up! Is the server overloaded? Running 3100ms or 62 ticks behind
[14Aug2025 03:34:27.749] [Server thread/WARN] [net.minecraft.server.MinecraftServer/]: Can't keep up! Is the server overloaded? Running 6040ms or 120 ticks behind
[14Aug2025 03:34:48.848] [Server thread/WARN] [net.minecraft.server.MinecraftServer/]: Can't keep up! Is the server overloaded? Running 6139ms or 122 ticks behind
[14Aug2025 03:35:08.516] [Server thread/WARN] [net.minecraft.server.MinecraftServer/]: Can't keep up! Is the server overloaded? Running 4707ms or 94 ticks behind
[14Aug2025 03:35:28.044] [Server thread/WARN] [net.minecraft.server.MinecraftServer/]: Can't keep up! Is the server overloaded? Running 4535ms or 90 ticks behind
[14Aug2025 03:35:47.918] [Server thread/WARN] [net.minecraft.server.MinecraftServer/]: Can't keep up! Is the server overloaded? Running 4910ms or 98 ticks behind
[14Aug2025 03:36:10.665] [Server thread/WARN] [net.minecraft.server.MinecraftServer/]: Can't keep up! Is the server overloaded? Running 7756ms or 155 ticks behind
[14Aug2025 03:36:34.761] [Server thread/WARN] [net.minecraft.server.MinecraftServer/]: Can't keep up! Is the server overloaded? Running 9103ms or 182 ticks behind
[14Aug2025 03:38:26.208] [Server thread/INFO] [net.minecraft.server.MinecraftServer/]: [Not Secure] <Meow> mana kapak unbreaking aku
[14Aug2025 03:38:38.485] [Server thread/INFO] [net.minecraft.server.MinecraftServer/]: [Not Secure] <MrWest02> apa?
[14Aug2025 03:38:44.955] [Server thread/INFO] [net.minecraft.server.MinecraftServer/]: [Not Secure] <Meow> yang kau craft
[14Aug2025 03:39:34.593] [Server thread/INFO] [net.minecraft.server.MinecraftServer/]: [Not Secure] <MrWest02> https://youtu.be/OrqkXmKimQc?si=Y9U7mXjZJh9_8V21
[14Aug2025 03:39:37.386] [Server thread/INFO] [net.minecraft.server.MinecraftServer/]: [Not Secure] <MrWest02> cer tgk
[14Aug2025 03:39:40.263] [Server thread/INFO] [net.minecraft.server.MinecraftServer/]: [Not Secure] <Meow> send ws
[14Aug2025 03:39:48.787] [Server thread/INFO] [net.minecraft.server.MinecraftServer/]: [Not Secure] <MrWest02> copy sini takleh ke
[14Aug2025 03:39:53.753] [Server thread/INFO] [net.minecraft.server.MinecraftServer/]: [Not Secure] <Meow> takleh
[14Aug2025 03:42:38.003] [Server thread/INFO] [net.minecraft.server.MinecraftServer/]: [Not Secure] <Meow> ok gak
[14Aug2025 03:42:40.541] [Server thread/INFO] [net.minecraft.server.MinecraftServer/]: [Not Secure] <Meow> bahan banyak ni
[14Aug2025 03:42:48.889] [Server thread/INFO] [net.minecraft.server.MinecraftServer/]: [Not Secure] <MrWest02> tu lah tu
[14Aug2025 03:42:54.792] [Server thread/INFO] [net.minecraft.server.MinecraftServer/]: [Not Secure] <MrWest02> aq propose wat kat atas ni gak
[14Aug2025 03:42:55.732] [Server thread/INFO] [net.minecraft.server.MinecraftServer/]: [Not Secure] <Meow> buat proper air dulu la, naik turun
[14Aug2025 03:42:57.090] [Server thread/INFO] [net.minecraft.server.MinecraftServer/]: [Not Secure] <MrWest02> afk jap
[14Aug2025 03:42:59.685] [Server thread/INFO] [net.minecraft.server.MinecraftServer/]: [Not Secure] <Meow> baru boleh buat atas
[14Aug2025 03:57:57.130] [Server thread/INFO] [net.minecraft.server.MinecraftServer/]: [Not Secure] <MrWest02> bangsat
[14Aug2025 03:58:01.653] [Server thread/INFO] [net.minecraft.server.MinecraftServer/]: [Not Secure] <MrWest02> senyap2 curi aq punya
[14Aug2025 03:58:03.745] [Server thread/INFO] [net.minecraft.server.MinecraftServer/]: [Not Secure] <Meow> buat 4 campfire do
[14Aug2025 03:58:14.281] [Server thread/INFO] [net.minecraft.server.MinecraftServer/]: [Not Secure] <MrWest02> kau tu wat sword
[14Aug2025 03:58:23.683] [Server thread/INFO] [net.minecraft.server.MinecraftServer/]: [Not Secure] <Meow> bazir sebab kita takde mending
[14Aug2025 03:58:39.455] [Server thread/INFO] [net.minecraft.server.MinecraftServer/]: [Not Secure] <Meow> kau buat 4 campfire
[14Aug2025 03:58:42.104] [Server thread/INFO] [net.minecraft.server.MinecraftServer/]: [Not Secure] <Meow> aku place nanti
[14Aug2025 03:58:47.382] [Server thread/INFO] [net.minecraft.server.MinecraftServer/]: [Not Secure] <MrWest02> tapi tak dpt exp lah
[14Aug2025 03:58:51.528] [Server thread/INFO] [net.minecraft.server.MinecraftServer/]: [Not Secure] <Meow> yedok
[14Aug2025 03:58:53.028] [Server thread/INFO] [net.minecraft.server.MinecraftServer/]: [Not Secure] <MrWest02> kalau ada campfire nnti
[14Aug2025 03:58:54.929] [Server thread/INFO] [net.minecraft.server.MinecraftServer/]: [Not Secure] <Meow> dapat je ork
[14Aug2025 03:58:57.893] [Server thread/INFO] [net.minecraft.server.MinecraftServer/]: [Not Secure] <MrWest02> sebab kita tak pukul
[14Aug2025 03:58:59.805] [Server thread/INFO] [net.minecraft.server.MinecraftServer/]: [Not Secure] <Meow> ke dia terbakar sekali
[14Aug2025 03:59:04.436] [Server thread/INFO] [net.minecraft.server.MinecraftServer/]: [Not Secure] <Meow> ooo yegok
[14Aug2025 03:59:11.688] [Server thread/INFO] [net.minecraft.server.MinecraftServer/]: [Not Secure] <MrWest02> kalau mati natural cause takde dup
[14Aug2025 03:59:24.631] [Server thread/INFO] [net.minecraft.server.MinecraftServer/]: [Not Secure] <Meow> bagi aku lv30 jap
[14Aug2025 03:59:30.204] [Server thread/INFO] [net.minecraft.server.MinecraftServer/]: [Not Secure] <MrWest02> skang lvl berapa
[14Aug2025 03:59:34.445] [Server thread/INFO] [net.minecraft.server.MinecraftServer/]: [Not Secure] <Meow> 29
[14Aug2025 03:59:43.036] [Server thread/INFO] [net.minecraft.server.MinecraftServer/]: [Not Secure] <MrWest02> amik pedang aq
[14Aug2025 03:59:46.131] [Server thread/INFO] [net.minecraft.server.MinecraftServer/]: [Not Secure] <MrWest02> pinjam lah tapi
[14Aug2025 04:00:15.936] [Server thread/INFO] [net.minecraft.server.MinecraftServer/]: [Not Secure] <Meow> buat trade center dulu du
[14Aug2025 04:00:17.234] [Server thread/INFO] [net.minecraft.server.MinecraftServer/]: [Not Secure] <Meow> srs
[14Aug2025 04:00:20.888] [Server thread/INFO] [net.minecraft.server.MinecraftServer/]: [Not Secure] <MrWest02> bole lah pulang duk
[14Aug2025 04:00:26.897] [Server thread/INFO] [net.minecraft.server.MinecraftServer/]: [Not Secure] <MrWest02> aq nk enhance jap
[14Aug2025 04:01:59.887] [Server thread/INFO] [net.minecraft.server.MinecraftServer/]: [Not Secure] <Meow> cari sweeping edge
[14Aug2025 04:03:02.041] [Server thread/INFO] [net.minecraft.server.MinecraftServer/]: [Not Secure] <MrWest02> aq dpt smite 5
[14Aug2025 04:03:15.433] [Server thread/INFO] [net.minecraft.server.MinecraftServer/]: [Not Secure] <Meow> tak best
[14Aug2025 04:03:20.039] [Server thread/INFO] [net.minecraft.server.MinecraftServer/]: [Not Secure] <Meow> eh okay je kot
[14Aug2025 04:03:32.653] [Server thread/INFO] [net.minecraft.server.MinecraftServer/]: [Not Secure] <MrWest02> test luh
[14Aug2025 04:03:51.037] [Server thread/INFO] [net.minecraft.server.MinecraftServer/]: [Not Secure] <Meow> dia takde hal dah kalau pukul sebab creeper ni dapat fall dmg dah
[14Aug2025 04:04:40.237] [Server thread/INFO] [net.minecraft.server.MinecraftServer/]: [Not Secure] <MrWest02> jap
[14Aug2025 04:04:44.287] [Server thread/INFO] [net.minecraft.server.MinecraftServer/]: [Not Secure] <MrWest02> nk try pukul
[14Aug2025 04:04:54.039] [Server thread/INFO] [net.minecraft.server.MinecraftServer/]: [Not Secure] <Meow> sama je
[14Aug2025 04:05:00.438] [Server thread/INFO] [net.minecraft.server.MinecraftServer/]: [Not Secure] <Meow> better cari looting III
[14Aug2025 04:05:01.982] [Server thread/INFO] [net.minecraft.server.MinecraftServer/]: [Not Secure] <MrWest02> tak oneshot pun
[14Aug2025 04:05:07.029] [Server thread/INFO] [net.minecraft.server.MinecraftServer/]: [Not Secure] <MrWest02> siaaaaaaal
[14Aug2025 04:05:12.032] [Server thread/INFO] [net.minecraft.server.MinecraftServer/]: [Not Secure] <Meow> smite untuk binatang lain
[14Aug2025 04:05:16.002] [Server thread/INFO] [net.minecraft.server.MinecraftServer/]: [Not Secure] <Meow> macam mice
[14Aug2025 04:05:20.732] [Server thread/INFO] [net.minecraft.server.MinecraftServer/]: [Not Secure] <MrWest02> pntek
[14Aug2025 04:05:28.484] [Server thread/INFO] [net.minecraft.server.MinecraftServer/]: [Not Secure] <MrWest02> jap test kat org lak
[14Aug2025 04:05:30.347] [Server thread/INFO] [net.minecraft.server.MinecraftServer/]: [Not Secure] <Meow> cari sharpness V
[14Aug2025 04:05:34.230] [Server thread/INFO] [net.minecraft.server.MinecraftServer/]: [Not Secure] <Meow> tak sakit
[14Aug2025 04:05:38.352] [Server thread/INFO] [net.minecraft.server.MinecraftServer/]: [Not Secure] <Meow> benda tu untuk spider
[14Aug2025 04:05:38.495] [Server thread/INFO] [net.minecraft.server.MinecraftServer/]: [Not Secure] <MrWest02> buuu
[14Aug2025 04:05:47.340] [Server thread/INFO] [net.minecraft.server.MinecraftServer/]: MrWest02 fell from a high place
[14Aug2025 04:05:52.242] [Server thread/INFO] [net.minecraft.server.MinecraftServer/]: [Not Secure] <Meow> HAHAHHA BONGOK
[14Aug2025 04:05:54.950] [Server thread/INFO] [net.minecraft.server.MinecraftServer/]: [Not Secure] <MrWest02> SIAAAAAAAAAL
[14Aug2025 04:06:00.036] [Server thread/INFO] [net.minecraft.server.MinecraftServer/]: [Not Secure] <MrWest02> sialllll
[14Aug2025 04:06:07.536] [Server thread/INFO] [net.minecraft.server.MinecraftServer/]: [Not Secure] <Meow> AKU DAH KATA BUAT AIR ELOK ELOK
[14Aug2025 04:06:25.088] [Server thread/INFO] [net.minecraft.server.MinecraftServer/]: [Not Secure] <MrWest02> sntai boss
[14Aug2025 04:06:39.888] [Server thread/INFO] [net.minecraft.server.MinecraftServer/]: [Not Secure] <Meow> PADAN MUKA LEVEL KO
[14Aug2025 04:06:48.858] [Server thread/INFO] [net.minecraft.server.MinecraftServer/]: [Not Secure] <MrWest02> level boleh cari
[14Aug2025 04:06:57.290] [Server thread/INFO] [net.minecraft.server.MinecraftServer/]: [Not Secure] <Meow> konek
[14Aug2025 04:07:04.152] [Server thread/INFO] [net.minecraft.server.MinecraftServer/]: [Not Secure] <MrWest02> jap eh
[14Aug2025 04:07:06.502] [Server thread/INFO] [net.minecraft.server.MinecraftServer/]: [Not Secure] <Meow> aku rasa buat trade center dulu la
[14Aug2025 04:07:17.352] [Server thread/INFO] [net.minecraft.server.MinecraftServer/]: [Not Secure] <MrWest02> tu wat custom leh en
[14Aug2025 04:07:24.749] [Server thread/INFO] [net.minecraft.server.MinecraftServer/]: [Not Secure] <MrWest02> aq dh ada idea ni
[14Aug2025 04:07:25.156] [Server thread/INFO] [net.minecraft.server.MinecraftServer/]: [Not Secure] <Meow> custom macam mana lak
[14Aug2025 04:07:34.344] [Server thread/INFO] [net.minecraft.server.MinecraftServer/]: [Not Secure] <MrWest02> maksudnya design sendiri lah
[14Aug2025 04:07:38.944] [Server thread/INFO] [net.minecraft.server.MinecraftServer/]: [Not Secure] <MrWest02> jap afk lagi
[14Aug2025 04:07:40.155] [Server thread/INFO] [net.minecraft.server.MinecraftServer/]: [Not Secure] <Meow> memang la
[14Aug2025 04:07:43.906] [Server thread/INFO] [net.minecraft.server.MinecraftServer/]: [Not Secure] <MrWest02> aq tgh masak ni senarnya
[14Aug2025 04:07:46.497] [Server thread/INFO] [net.minecraft.server.MinecraftServer/]: [Not Secure] <Meow> kena cari cara breed dorang lu
[14Aug2025 04:07:48.035] [Server thread/INFO] [net.minecraft.server.MinecraftServer/]: [Not Secure] <Meow> afk la
[14Aug2025 04:19:31.533] [Server thread/INFO] [net.minecraft.server.network.ServerGamePacketListenerImpl/]: Meow lost connection: Disconnected
[14Aug2025 04:19:31.535] [Server thread/INFO] [net.minecraft.server.MinecraftServer/]: Meow left the game
[14Aug2025 04:19:41.023] [Server thread/INFO] [net.minecraft.server.players.PlayerList/]: Meow[/182.62.70.212:10724] logged in with entity id 52663 at (211.03857391039114, 257.0, 539.4825367624613)
[14Aug2025 04:19:41.041] [Server thread/INFO] [net.minecraft.server.MinecraftServer/]: Meow joined the game
[14Aug2025 04:37:10.046] [Server thread/INFO] [net.minecraft.server.MinecraftServer/]: [Not Secure] <MrWest02> hey wasap guys
[14Aug2025 04:39:21.681] [Server thread/INFO] [net.minecraft.server.MinecraftServer/]: [Not Secure] <Meow> tak banyak turun ah
[14Aug2025 04:39:31.390] [Server thread/INFO] [net.minecraft.server.MinecraftServer/]: [Not Secure] <MrWest02> takde iman
[14Aug2025 04:39:34.729] [Server thread/INFO] [net.minecraft.server.MinecraftServer/]: [Not Secure] <MrWest02> bnde kene tunggu
[14Aug2025 04:39:38.183] [Server thread/INFO] [net.minecraft.server.MinecraftServer/]: [Not Secure] <MrWest02> nama pun afk farm
[14Aug2025 04:39:52.534] [Server thread/INFO] [net.minecraft.server.MinecraftServer/]: [Not Secure] <MrWest02> ckit ah exp
[14Aug2025 04:39:59.731] [Server thread/INFO] [net.minecraft.server.MinecraftServer/]: [Not Secure] <Meow> kau newbie
[14Aug2025 04:40:39.684] [Server thread/INFO] [net.minecraft.server.MinecraftServer/]: [Not Secure] <Meow> dah 35
[14Aug2025 04:40:48.082] [Server thread/INFO] [net.minecraft.server.MinecraftServer/]: [Not Secure] <MrWest02> apa ni
[14Aug2025 04:40:50.786] [Server thread/INFO] [net.minecraft.server.MinecraftServer/]: [Not Secure] <MrWest02> lvl kau?
[14Aug2025 04:40:53.200] [Server thread/INFO] [net.minecraft.server.MinecraftServer/]: [Not Secure] <Meow> level aku
[14Aug2025 04:40:56.636] [Server thread/INFO] [net.minecraft.server.MinecraftServer/]: Meow fell from a high place
[14Aug2025 04:41:01.102] [Server thread/INFO] [net.minecraft.server.MinecraftServer/]: [Not Secure] <MrWest02> HAHHAHAHAHHA
[14Aug2025 04:41:04.576] [Server thread/INFO] [net.minecraft.server.MinecraftServer/]: [Not Secure] <Meow> fil
[14Aug2025 04:41:05.857] [Server thread/INFO] [net.minecraft.server.MinecraftServer/]: [Not Secure] <MrWest02> HAHAHAHAHAHAHAHHAHA
[14Aug2025 04:41:08.346] [Server thread/INFO] [net.minecraft.server.MinecraftServer/]: [Not Secure] <Meow> FUK
[14Aug2025 04:41:11.516] [Server thread/INFO] [net.minecraft.server.MinecraftServer/]: [Not Secure] <MrWest02> NAK REWIND DU
[14Aug2025 04:41:18.648] [Server thread/INFO] [net.minecraft.server.MinecraftServer/]: [Not Secure] <Meow> SPAWN KAT TEMPAT ASAL LAK TU
[14Aug2025 04:41:20.241] [Server thread/INFO] [net.minecraft.server.MinecraftServer/]: [Not Secure] <Meow> BODOH
[14Aug2025 04:41:25.348] [Server thread/INFO] [net.minecraft.server.MinecraftServer/]: [Not Secure] <Meow> buat air ni elok bangang
[14Aug2025 04:41:30.094] [Server thread/INFO] [net.minecraft.server.MinecraftServer/]: [Not Secure] <MrWest02> HAHAHAHAHAHAHA
[14Aug2025 04:41:36.940] [Server thread/INFO] [net.minecraft.server.MinecraftServer/]: [Not Secure] <MrWest02> okay jap2 aq cari kelp
[14Aug2025 04:42:20.391] [Server thread/INFO] [net.minecraft.server.MinecraftServer/]: [Not Secure] <MrWest02> aq kutip barang kau
[14Aug2025 04:42:24.544] [Server thread/INFO] [net.minecraft.server.MinecraftServer/]: [Not Secure] <MrWest02> takut despawn
[14Aug2025 04:42:37.046] [Server thread/INFO] [net.minecraft.server.MinecraftServer/]: [Not Secure] <MrWest02> habis lah dh lah nk gelpa
[14Aug2025 04:45:11.588] [Server thread/INFO] [net.minecraft.server.MinecraftServer/]: [Not Secure] <MrWest02> carrot aq amik ckit
[14Aug2025 04:46:29.883] [Server thread/INFO] [net.minecraft.server.MinecraftServer/]: [Not Secure] <MrWest02> set spawn dulu
[14Aug2025 04:46:35.251] [Server thread/INFO] [net.minecraft.server.MinecraftServer/]: [Not Secure] <Meow> dah
[14Aug2025 04:46:47.307] [Server thread/INFO] [net.minecraft.server.MinecraftServer/]: [Not Secure] <MrWest02> aq nk cari kelp jap
[14Aug2025 04:46:49.839] [Server thread/INFO] [net.minecraft.server.MinecraftServer/]: [Not Secure] <Meow> nak buat apa lagi ek
[14Aug2025 04:46:54.135] [Server thread/INFO] [net.minecraft.server.MinecraftServer/]: [Not Secure] <MrWest02> kang ada complain lagi
[14Aug2025 04:47:49.436] [Server thread/INFO] [net.minecraft.server.MinecraftServer/]: [Not Secure] <MrWest02> kau wat lah dulu trade center
[14Aug2025 04:48:29.100] [Server thread/INFO] [net.minecraft.server.MinecraftServer/]: [Not Secure] <Meow> air 2 bahagian
[14Aug2025 04:49:36.248] [Server thread/INFO] [net.minecraft.server.MinecraftServer/]: [Not Secure] <MrWest02> kelp nk lebih ke?
[14Aug2025 04:49:45.795] [Server thread/INFO] [net.minecraft.server.MinecraftServer/]: [Not Secure] <Meow> ye kena banyak
[14Aug2025 04:49:52.151] [Server thread/INFO] [net.minecraft.server.MinecraftServer/]: [Not Secure] <MrWest02> 2 stack ckup dh
[14Aug2025 04:49:52.587] [Server thread/INFO] [net.minecraft.server.MinecraftServer/]: [Not Secure] <Meow> ikut total block
[14Aug2025 04:49:59.307] [Server thread/INFO] [net.minecraft.server.MinecraftServer/]: [Not Secure] <Meow> boleh 2 stack
[14Aug2025 04:50:02.995] [Server thread/INFO] [net.minecraft.server.MinecraftServer/]: [Not Secure] <MrWest02> sebab nnti pecahkan balik
[14Aug2025 04:50:08.161] [Server thread/INFO] [net.minecraft.server.MinecraftServer/]: [Not Secure] <MrWest02> okayy bb
[14Aug2025 04:50:22.187] [Server thread/INFO] [net.minecraft.server.MinecraftServer/]: [Not Secure] <Meow> magma sekali
[14Aug2025 04:50:40.035] [Server thread/INFO] [net.minecraft.server.MinecraftServer/]: [Not Secure] <MrWest02> aq rasa takyah lah
[14Aug2025 04:50:43.194] [Server thread/INFO] [net.minecraft.server.MinecraftServer/]: [Not Secure] <MrWest02> jap nnti aq demo
[14Aug2025 04:50:47.094] [Server thread/INFO] [net.minecraft.server.MinecraftServer/]: [Not Secure] <MrWest02> aq cari kelp dulu
[14Aug2025 04:52:04.285] [Server thread/INFO] [net.minecraft.server.MinecraftServer/]: [Not Secure] <MrWest02> jgnlah wat sebelah2
[14Aug2025 04:52:04.849] [Server thread/INFO] [net.minecraft.server.MinecraftServer/]: [Not Secure] <Meow> ada tanah ke
[14Aug2025 04:52:08.797] [Server thread/INFO] [net.minecraft.server.MinecraftServer/]: [Not Secure] <Meow> astu
[14Aug2025 04:52:11.706] [Server thread/INFO] [net.minecraft.server.MinecraftServer/]: [Not Secure] <MrWest02> ke elevator dua?
[14Aug2025 04:52:18.134] [Server thread/INFO] [net.minecraft.server.MinecraftServer/]: [Not Secure] <Meow> dua la naik satu turun satu
[14Aug2025 04:52:44.555] [Server thread/INFO] [net.minecraft.server.MinecraftServer/]: [Not Secure] <MrWest02> salah jir
[14Aug2025 04:52:50.555] [Server thread/INFO] [net.minecraft.server.MinecraftServer/]: [Not Secure] <MrWest02> turun balik
[14Aug2025 04:52:54.207] [Server thread/INFO] [net.minecraft.server.MinecraftServer/]: [Not Secure] <Meow> asal laj
[14Aug2025 04:52:56.798] [Server thread/INFO] [net.minecraft.server.MinecraftServer/]: [Not Secure] <Meow> asal lak
[14Aug2025 04:53:10.299] [Server thread/INFO] [net.minecraft.server.MinecraftServer/]: [Not Secure] <MrWest02> kau turun jap
[14Aug2025 04:53:36.770] [Server thread/INFO] [net.minecraft.server.MinecraftServer/]: [Not Secure] <MrWest02> pinjam aq punya luh
[14Aug2025 04:53:52.400] [Server thread/INFO] [net.minecraft.server.MinecraftServer/]: [Not Secure] <Meow> kalau campur takleh ke
[14Aug2025 04:53:58.639] [Server thread/INFO] [net.minecraft.server.MinecraftServer/]: [Not Secure] <MrWest02> takleh du
[14Aug2025 04:54:03.886] [Server thread/INFO] [net.minecraft.server.MinecraftServer/]: [Not Secure] <MrWest02> nnti elevator tak jadi
[14Aug2025 04:54:09.583] [Server thread/INFO] [net.minecraft.server.MinecraftServer/]: [Not Secure] <MrWest02> cer bak jap shovel tu
[14Aug2025 04:54:16.759] [Server thread/INFO] [net.minecraft.server.MinecraftServer/]: [Not Secure] <Meow> aku rasa boleh je
[14Aug2025 04:54:38.087] [Server thread/INFO] [net.minecraft.server.MinecraftServer/]: [Not Secure] <MrWest02> kau nk safe method ke? ke kau nk buat baru kalau tak jadi
[14Aug2025 04:54:45.042] [Server thread/INFO] [net.minecraft.server.MinecraftServer/]: [Not Secure] <Meow> jap google
[14Aug2025 04:54:52.339] [Server thread/INFO] [net.minecraft.server.MinecraftServer/]: [Not Secure] <MrWest02> orite
[14Aug2025 04:55:47.436] [Server thread/INFO] [net.minecraft.server.MinecraftServer/]: [Not Secure] <Meow> kena dua so
[14Aug2025 04:55:56.885] [Server thread/INFO] [net.minecraft.server.MinecraftServer/]: [Not Secure] <Meow> aku tanak ceni
[14Aug2025 04:56:00.384] [Server thread/INFO] [net.minecraft.server.MinecraftServer/]: [Not Secure] <Meow> aku buat balik
[14Aug2025 04:57:03.090] [Server thread/INFO] [net.minecraft.server.MinecraftServer/]: [Not Secure] <MrWest02> mmg nk wat cam tadi lah
[14Aug2025 04:57:04.935] [Server thread/INFO] [net.minecraft.server.MinecraftServer/]: [Not Secure] <MrWest02> ?
[14Aug2025 04:57:10.545] [Server thread/INFO] [net.minecraft.server.MinecraftServer/]: [Not Secure] <Meow> macam kau tula 2
[14Aug2025 04:57:16.108] [Server thread/INFO] [net.minecraft.server.MinecraftServer/]: [Not Secure] <Meow> tapi nak position macam ni
[14Aug2025 04:57:16.602] [Server thread/INFO] [net.minecraft.server.MinecraftServer/]: [Not Secure] <MrWest02> oh okay
[14Aug2025 04:57:20.694] [Server thread/INFO] [net.minecraft.server.MinecraftServer/]: [Not Secure] <MrWest02> tido jap
[14Aug2025 04:57:24.001] [Server thread/INFO] [net.minecraft.server.MinecraftServer/]: [Not Secure] <MrWest02> aq nk explore
[14Aug2025 04:57:34.606] [Server thread/INFO] [net.minecraft.server.MinecraftServer/]: [Not Secure] <MrWest02> letak water
[14Aug2025 04:57:35.543] [Server thread/INFO] [net.minecraft.server.MinecraftServer/]: [Not Secure] <Meow> ha
[14Aug2025 05:00:36.533] [Server thread/WARN] [net.minecraft.server.level.ServerPlayerGameMode/]: Mismatch in destroy block pos: BlockPos{x=209, y=168, z=542} BlockPos{x=209, y=169, z=542}
[14Aug2025 05:00:36.823] [Server thread/WARN] [net.minecraft.server.MinecraftServer/]: Can't keep up! Is the server overloaded? Running 2015ms or 40 ticks behind
[14Aug2025 05:00:54.301] [Server thread/WARN] [net.minecraft.server.level.ServerPlayerGameMode/]: Mismatch in destroy block pos: BlockPos{x=-73, y=48, z=1080} BlockPos{x=-73, y=46, z=1081}
[14Aug2025 05:00:54.307] [Server thread/WARN] [net.minecraft.server.level.ServerPlayerGameMode/]: Mismatch in destroy block pos: BlockPos{x=-73, y=48, z=1080} BlockPos{x=-73, y=46, z=1081}
[14Aug2025 05:00:54.399] [Server thread/WARN] [net.minecraft.server.level.ServerPlayerGameMode/]: Mismatch in destroy block pos: BlockPos{x=-73, y=48, z=1080} BlockPos{x=-73, y=46, z=1081}
[14Aug2025 05:00:58.427] [Server thread/WARN] [net.minecraft.server.level.ServerPlayerGameMode/]: Mismatch in destroy block pos: BlockPos{x=-80, y=50, z=1093} BlockPos{x=-80, y=49, z=1096}
[14Aug2025 05:00:58.488] [Server thread/WARN] [net.minecraft.server.level.ServerPlayerGameMode/]: Mismatch in destroy block pos: BlockPos{x=-80, y=50, z=1093} BlockPos{x=-80, y=49, z=1096}
[14Aug2025 05:00:58.491] [Server thread/WARN] [net.minecraft.server.level.ServerPlayerGameMode/]: Mismatch in destroy block pos: BlockPos{x=-80, y=50, z=1093} BlockPos{x=-80, y=49, z=1096}
[14Aug2025 05:01:12.991] [Server thread/WARN] [net.minecraft.server.MinecraftServer/]: Can't keep up! Is the server overloaded? Running 21182ms or 423 ticks behind
[14Aug2025 05:01:35.119] [Server thread/WARN] [net.minecraft.server.MinecraftServer/]: Can't keep up! Is the server overloaded? Running 7161ms or 143 ticks behind
[14Aug2025 05:01:57.472] [Server thread/WARN] [net.minecraft.server.MinecraftServer/]: Can't keep up! Is the server overloaded? Running 7364ms or 147 ticks behind
[14Aug2025 05:02:20.664] [Server thread/WARN] [net.minecraft.server.MinecraftServer/]: Can't keep up! Is the server overloaded? Running 8206ms or 164 ticks behind
[14Aug2025 05:02:44.581] [Server thread/WARN] [net.minecraft.server.MinecraftServer/]: Can't keep up! Is the server overloaded? Running 8922ms or 178 ticks behind
[14Aug2025 05:03:06.162] [Server thread/WARN] [net.minecraft.server.MinecraftServer/]: Can't keep up! Is the server overloaded? Running 6603ms or 132 ticks behind
[14Aug2025 05:03:28.407] [Server thread/WARN] [net.minecraft.server.MinecraftServer/]: Can't keep up! Is the server overloaded? Running 7248ms or 144 ticks behind
[14Aug2025 05:03:44.302] [Server thread/WARN] [net.minecraft.server.network.ServerGamePacketListenerImpl/]: MrWest02 moved too quickly! 6.134654315589728,-8.584354139212522,-2.066521656691748
[14Aug2025 05:03:54.722] [Server thread/WARN] [net.minecraft.server.MinecraftServer/]: Can't keep up! Is the server overloaded? Running 11363ms or 227 ticks behind
[14Aug2025 05:04:15.590] [Server thread/WARN] [net.minecraft.server.MinecraftServer/]: Can't keep up! Is the server overloaded? Running 5881ms or 117 ticks behind
[14Aug2025 05:04:34.006] [Server thread/WARN] [net.minecraft.server.MinecraftServer/]: Can't keep up! Is the server overloaded? Running 3447ms or 68 ticks behind
[14Aug2025 05:04:52.425] [Server thread/WARN] [net.minecraft.server.MinecraftServer/]: Can't keep up! Is the server overloaded? Running 3467ms or 69 ticks behind
[14Aug2025 05:05:11.267] [Server thread/WARN] [net.minecraft.server.MinecraftServer/]: Can't keep up! Is the server overloaded? Running 3858ms or 77 ticks behind
[14Aug2025 05:05:33.102] [Server thread/WARN] [net.minecraft.server.MinecraftServer/]: Can't keep up! Is the server overloaded? Running 2043ms or 40 ticks behind
[14Aug2025 05:05:57.575] [Server thread/WARN] [net.minecraft.server.MinecraftServer/]: Can't keep up! Is the server overloaded? Running 2016ms or 40 ticks behind
[14Aug2025 05:06:22.088] [Server thread/WARN] [net.minecraft.server.MinecraftServer/]: Can't keep up! Is the server overloaded? Running 2029ms or 40 ticks behind
[14Aug2025 05:06:40.160] [Server thread/WARN] [net.minecraft.server.MinecraftServer/]: Can't keep up! Is the server overloaded? Running 3102ms or 62 ticks behind
[14Aug2025 05:06:50.001] [Server thread/INFO] [net.minecraft.server.MinecraftServer/]: [Not Secure] <MrWest02> jumpa village mat
[14Aug2025 05:06:59.009] [Server thread/WARN] [net.minecraft.server.MinecraftServer/]: Can't keep up! Is the server overloaded? Running 3851ms or 77 ticks behind
[14Aug2025 05:07:34.284] [Server thread/WARN] [net.minecraft.server.MinecraftServer/]: Can't keep up! Is the server overloaded? Running 2025ms or 40 ticks behind
[14Aug2025 05:07:51.986] [Server thread/WARN] [net.minecraft.server.MinecraftServer/]: Can't keep up! Is the server overloaded? Running 2727ms or 54 ticks behind
[14Aug2025 05:08:03.143] [Server thread/WARN] [net.minecraft.server.level.ServerPlayerGameMode/]: Mismatch in destroy block pos: BlockPos{x=265, y=123, z=502} BlockPos{x=267, y=123, z=502}
[14Aug2025 05:08:03.180] [Server thread/WARN] [net.minecraft.server.level.ServerPlayerGameMode/]: Mismatch in destroy block pos: BlockPos{x=265, y=123, z=502} BlockPos{x=267, y=123, z=502}
[14Aug2025 05:08:03.249] [Server thread/WARN] [net.minecraft.server.level.ServerPlayerGameMode/]: Mismatch in destroy block pos: BlockPos{x=265, y=123, z=502} BlockPos{x=267, y=123, z=502}
[14Aug2025 05:08:09.121] [Server thread/WARN] [net.minecraft.server.MinecraftServer/]: Can't keep up! Is the server overloaded? Running 2162ms or 43 ticks behind
[14Aug2025 05:08:26.829] [Server thread/WARN] [net.minecraft.server.MinecraftServer/]: Can't keep up! Is the server overloaded? Running 2721ms or 54 ticks behind
[14Aug2025 05:08:44.320] [Server thread/WARN] [net.minecraft.server.MinecraftServer/]: Can't keep up! Is the server overloaded? Running 2512ms or 50 ticks behind
[14Aug2025 05:09:12.971] [Server thread/WARN] [net.minecraft.server.MinecraftServer/]: Can't keep up! Is the server overloaded? Running 2012ms or 40 ticks behind
[14Aug2025 05:09:15.325] [Server thread/INFO] [net.minecraft.server.MinecraftServer/]: [Not Secure] <Meow> jauh ke
[14Aug2025 05:09:19.891] [Server thread/INFO] [net.minecraft.server.MinecraftServer/]: [Not Secure] <MrWest02> jauh
[14Aug2025 05:09:24.846] [Server thread/INFO] [net.minecraft.server.MinecraftServer/]: [Not Secure] <MrWest02> takde apa sngat sial
[14Aug2025 05:09:33.660] [Server thread/WARN] [net.minecraft.server.MinecraftServer/]: Can't keep up! Is the server overloaded? Running 2001ms or 40 ticks behind
[14Aug2025 05:09:41.861] [Server thread/INFO] [net.minecraft.server.MinecraftServer/]: [Not Secure] <Meow> magma jumpa ke tak
[14Aug2025 05:10:03.170] [Server thread/INFO] [net.minecraft.server.MinecraftServer/]: [Not Secure] <MrWest02> takde du
[14Aug2025 05:10:08.145] [Server thread/INFO] [net.minecraft.server.MinecraftServer/]: [Not Secure] <Meow> ada kat portal satu
[14Aug2025 05:10:10.529] [Server thread/INFO] [net.minecraft.server.MinecraftServer/]: [Not Secure] <Meow> portal dekat kg
[14Aug2025 05:10:25.131] [Server thread/INFO] [net.minecraft.server.MinecraftServer/]: [Not Secure] <MrWest02> tido jap
[14Aug2025 05:10:39.265] [Server thread/WARN] [net.minecraft.server.MinecraftServer/]: Can't keep up! Is the server overloaded? Running 2007ms or 40 ticks behind
[14Aug2025 05:10:39.937] [Server thread/INFO] [net.minecraft.server.MinecraftServer/]: [Not Secure] <MrWest02> aq rasa mcm dekat
[14Aug2025 05:11:32.654] [Server thread/WARN] [net.minecraft.server.MinecraftServer/]: Can't keep up! Is the server overloaded? Running 2046ms or 40 ticks behind
[14Aug2025 05:11:58.766] [Server thread/WARN] [net.minecraft.server.MinecraftServer/]: Can't keep up! Is the server overloaded? Running 2007ms or 40 ticks behind
[14Aug2025 05:12:17.782] [Server thread/WARN] [net.minecraft.server.MinecraftServer/]: Can't keep up! Is the server overloaded? Running 4023ms or 80 ticks behind
[14Aug2025 05:12:39.524] [Server thread/WARN] [net.minecraft.server.MinecraftServer/]: Can't keep up! Is the server overloaded? Running 6765ms or 135 ticks behind
[14Aug2025 05:13:02.011] [Server thread/WARN] [net.minecraft.server.MinecraftServer/]: Can't keep up! Is the server overloaded? Running 7503ms or 150 ticks behind
[14Aug2025 05:13:25.310] [Server thread/WARN] [net.minecraft.server.MinecraftServer/]: Can't keep up! Is the server overloaded? Running 8302ms or 166 ticks behind
[14Aug2025 05:13:47.539] [Server thread/WARN] [net.minecraft.server.MinecraftServer/]: Can't keep up! Is the server overloaded? Running 7230ms or 144 ticks behind
[14Aug2025 05:14:04.723] [Server thread/WARN] [net.minecraft.server.MinecraftServer/]: Can't keep up! Is the server overloaded? Running 2215ms or 44 ticks behind
[14Aug2025 05:14:24.305] [Server thread/WARN] [net.minecraft.server.MinecraftServer/]: Can't keep up! Is the server overloaded? Running 4596ms or 91 ticks behind
[14Aug2025 05:14:45.270] [Server thread/WARN] [net.minecraft.server.MinecraftServer/]: Can't keep up! Is the server overloaded? Running 6011ms or 120 ticks behind
[14Aug2025 05:14:47.208] [Server thread/INFO] [net.minecraft.server.MinecraftServer/]: [Not Secure] <Meow> aku dah siap pasang
[14Aug2025 05:15:13.236] [Server thread/INFO] [net.minecraft.server.MinecraftServer/]: [Not Secure] <MrWest02> orite aq otw balik
[14Aug2025 05:15:41.232] [Server thread/INFO] [net.minecraft.server.MinecraftServer/]: [Not Secure] <Meow> pasang sign bagi air tak bocor
[14Aug2025 05:16:00.861] [Server thread/WARN] [net.minecraft.server.MinecraftServer/]: Can't keep up! Is the server overloaded? Running 2853ms or 57 ticks behind
[14Aug2025 05:23:58.906] [Server thread/INFO] [net.minecraft.server.MinecraftServer/]: [Not Secure] <MrWest02> asal ada bunyi zombi
[14Aug2025 05:24:30.978] [Server thread/INFO] [net.minecraft.server.MinecraftServer/]: [Not Secure] <Meow> yang kau rosakkan kot
[14Aug2025 05:24:38.299] [Server thread/INFO] [net.minecraft.server.MinecraftServer/]: [Not Secure] <Meow> kau tak letak balik
[14Aug2025 05:25:28.241] [Server thread/INFO] [net.minecraft.server.MinecraftServer/]: [Not Secure] <MrWest02> jadi du
[14Aug2025 05:25:31.343] [Server thread/INFO] [net.minecraft.server.MinecraftServer/]: [Not Secure] <MrWest02> tapi buruk
[14Aug2025 05:25:36.580] [Server thread/INFO] [net.minecraft.server.MinecraftServer/]: [Not Secure] <MrWest02> kau ada dirt tak?
[14Aug2025 05:26:48.030] [Server thread/INFO] [net.minecraft.server.MinecraftServer/]: [Not Secure] <Meow> ada 40
[14Aug2025 05:27:00.536] [Server thread/INFO] [net.minecraft.server.MinecraftServer/]: [Not Secure] <MrWest02> ejas tolong amikkan 4 stack
[14Aug2025 05:27:08.397] [Server thread/INFO] [net.minecraft.server.MinecraftServer/]: [Not Secure] <Meow> jap
[14Aug2025 05:27:22.637] [Server thread/INFO] [net.minecraft.server.MinecraftServer/]: [Not Secure] <Meow> tunggu air turun siap
[14Aug2025 05:27:26.094] [Server thread/INFO] [net.minecraft.server.MinecraftServer/]: [Not Secure] <MrWest02> aq nk cari magma jap
[14Aug2025 05:27:32.486] [Server thread/INFO] [net.minecraft.server.MinecraftServer/]: [Not Secure] <MrWest02> sial
[14Aug2025 05:29:11.245] [Server thread/INFO] [net.minecraft.server.MinecraftServer/]: [Not Secure] <Meow> nape air melimpah ek
[14Aug2025 05:30:41.892] [Server thread/INFO] [net.minecraft.server.MinecraftServer/]: [Not Secure] <MrWest02> tido jap
[14Aug2025 05:30:46.693] [Server thread/INFO] [net.minecraft.server.MinecraftServer/]: [Not Secure] <Meow> dah siang
[14Aug2025 05:31:24.086] [Server thread/INFO] [net.minecraft.server.MinecraftServer/]: [Not Secure] <Meow> dah 4 stack
[14Aug2025 05:31:42.589] [Server thread/INFO] [net.minecraft.server.MinecraftServer/]: [Not Secure] <Meow> nak double kan ke
[14Aug2025 05:31:46.786] [Server thread/INFO] [net.minecraft.server.MinecraftServer/]: [Not Secure] <MrWest02> tutup
[14Aug2025 05:31:50.149] [Server thread/INFO] [net.minecraft.server.MinecraftServer/]: [Not Secure] <MrWest02> aq nk tutup
[14Aug2025 05:31:51.953] [Server thread/INFO] [net.minecraft.server.MinecraftServer/]: [Not Secure] <Meow> tutup apa
[14Aug2025 05:31:59.224] [Server thread/INFO] [net.minecraft.server.MinecraftServer/]: [Not Secure] <MrWest02> tutup bahagian depan tu lah
[14Aug2025 05:32:08.934] [Server thread/INFO] [net.minecraft.server.MinecraftServer/]: [Not Secure] <MrWest02> jgn pass kat aq
[14Aug2025 05:32:12.635] [Server thread/INFO] [net.minecraft.server.MinecraftServer/]: [Not Secure] <MrWest02> aq nk cari magma
[14Aug2025 05:32:13.084] [Server thread/INFO] [net.minecraft.server.MinecraftServer/]: [Not Secure] <Meow> macam mana
[14Aug2025 05:32:22.335] [Server thread/INFO] [net.minecraft.server.MinecraftServer/]: [Not Secure] <MrWest02> pass satu
[14Aug2025 05:32:24.287] [Server thread/INFO] [net.minecraft.server.MinecraftServer/]: [Not Secure] <Meow> ni ke
[14Aug2025 05:32:42.885] [Server thread/INFO] [net.minecraft.server.MinecraftServer/]: [Not Secure] <Meow> wtf mana jalan keluar
[14Aug2025 05:32:49.287] [Server thread/INFO] [net.minecraft.server.MinecraftServer/]: [Not Secure] <MrWest02> nnti bawah sekali korek 2
[14Aug2025 05:32:54.854] [Server thread/INFO] [net.minecraft.server.MinecraftServer/]: [Not Secure] <Meow> takyah gile
[14Aug2025 05:32:56.358] [Server thread/INFO] [net.minecraft.server.MinecraftServer/]: [Not Secure] <MrWest02> ni takyah nafas dh
[14Aug2025 05:33:01.535] [Server thread/INFO] [net.minecraft.server.MinecraftServer/]: [Not Secure] <MrWest02> sbb ada soulsand
[14Aug2025 05:33:02.396] [Server thread/INFO] [net.minecraft.server.MinecraftServer/]: [Not Secure] <Meow> tutup pakai sign
[14Aug2025 05:33:27.946] [Server thread/INFO] [net.minecraft.server.MinecraftServer/]: [Not Secure] <MrWest02> kau nk wat 2 stack sign?
[14Aug2025 05:33:33.696] [Server thread/INFO] [net.minecraft.server.MinecraftServer/]: [Not Secure] <Meow> bawah sekali je
[14Aug2025 05:33:42.885] [Server thread/INFO] [net.minecraft.server.MinecraftServer/]: [Not Secure] <MrWest02> astu atas tu cmne?
[14Aug2025 05:33:44.700] [Server thread/INFO] [net.minecraft.server.MinecraftServer/]: [Not Secure] <Meow> ada kayu ?
[14Aug2025 05:33:51.989] [Server thread/INFO] [net.minecraft.server.MinecraftServer/]: [Not Secure] <MrWest02> sebab dia keluar dari atas gak
[14Aug2025 05:33:52.241] [Server thread/INFO] [net.minecraft.server.MinecraftServer/]: [Not Secure] <Meow> bawah tutup, atas auto tertutup bang
[14Aug2025 05:34:00.236] [Server thread/INFO] [net.minecraft.server.MinecraftServer/]: [Not Secure] <MrWest02> tak sabau nk tgk
[14Aug2025 05:34:05.488] [Server thread/INFO] [net.minecraft.server.MinecraftServer/]: [Not Secure] <MrWest02> amik kayu kat aq punya chest
[14Aug2025 05:35:29.239] [Server thread/WARN] [net.minecraft.server.MinecraftServer/]: Can't keep up! Is the server overloaded? Running 2030ms or 40 ticks behind
[14Aug2025 05:36:11.031] [Server thread/WARN] [net.minecraft.server.MinecraftServer/]: Can't keep up! Is the server overloaded? Running 2022ms or 40 ticks behind
[14Aug2025 05:36:37.336] [Server thread/WARN] [net.minecraft.server.MinecraftServer/]: Can't keep up! Is the server overloaded? Running 2028ms or 40 ticks behind
[14Aug2025 05:37:20.524] [Server thread/WARN] [net.minecraft.server.MinecraftServer/]: Can't keep up! Is the server overloaded? Running 2015ms or 40 ticks behind
[14Aug2025 05:37:36.106] [Server thread/INFO] [net.minecraft.server.MinecraftServer/]: [Not Secure] <Meow> kena buat semula siaw
[14Aug2025 05:37:47.660] [Server thread/WARN] [net.minecraft.server.MinecraftServer/]: Can't keep up! Is the server overloaded? Running 2001ms or 40 ticks behind
[14Aug2025 05:38:18.925] [Server thread/WARN] [net.minecraft.server.MinecraftServer/]: Can't keep up! Is the server overloaded? Running 2016ms or 40 ticks behind
[14Aug2025 05:38:20.800] [Server thread/INFO] [net.minecraft.server.MinecraftServer/]: [Not Secure] <MrWest02> asal?
[14Aug2025 05:38:30.248] [Server thread/INFO] [net.minecraft.server.MinecraftServer/]: [Not Secure] <Meow> kena tutup dari awal
[14Aug2025 05:38:47.934] [Server thread/INFO] [net.minecraft.server.MinecraftServer/]: [Not Secure] <MrWest02> anda mmg fuark
[14Aug2025 05:38:59.448] [Server thread/INFO] [net.minecraft.server.MinecraftServer/]: [Not Secure] <Meow> kau tak tanya aku
[14Aug2025 05:39:12.540] [Server thread/INFO] [net.minecraft.server.MinecraftServer/]: [Not Secure] <MrWest02> aq rasa dh nk tutup dh awal2 tu
[14Aug2025 05:39:14.512] [Server thread/INFO] [net.minecraft.server.MinecraftServer/]: [Not Secure] <Meow> japgi aku tutup atas bila kau dah datang
[14Aug2025 05:39:22.017] [Server thread/INFO] [net.minecraft.server.MinecraftServer/]: [Not Secure] <MrWest02> astu ada org kata buat masa ni takyah
[14Aug2025 05:39:40.219] [Server thread/WARN] [net.minecraft.server.MinecraftServer/]: Can't keep up! Is the server overloaded? Running 2010ms or 40 ticks behind
[14Aug2025 05:40:00.533] [Server thread/WARN] [net.minecraft.server.MinecraftServer/]: Can't keep up! Is the server overloaded? Running 5324ms or 106 ticks behind
[14Aug2025 05:40:20.979] [Server thread/WARN] [net.minecraft.server.MinecraftServer/]: Can't keep up! Is the server overloaded? Running 5470ms or 109 ticks behind
[14Aug2025 05:40:43.045] [Server thread/WARN] [net.minecraft.server.MinecraftServer/]: Can't keep up! Is the server overloaded? Running 7086ms or 141 ticks behind
[14Aug2025 05:41:02.196] [Server thread/WARN] [net.minecraft.server.MinecraftServer/]: Can't keep up! Is the server overloaded? Running 4188ms or 83 ticks behind
[14Aug2025 05:41:20.490] [Server thread/WARN] [net.minecraft.server.MinecraftServer/]: Can't keep up! Is the server overloaded? Running 3331ms or 66 ticks behind
[14Aug2025 05:41:37.832] [Server thread/WARN] [net.minecraft.server.MinecraftServer/]: Can't keep up! Is the server overloaded? Running 2024ms or 40 ticks behind
[14Aug2025 05:41:56.296] [Server thread/WARN] [net.minecraft.server.MinecraftServer/]: Can't keep up! Is the server overloaded? Running 3487ms or 69 ticks behind
[14Aug2025 05:42:14.747] [Server thread/WARN] [net.minecraft.server.MinecraftServer/]: Can't keep up! Is the server overloaded? Running 3488ms or 69 ticks behind
[14Aug2025 05:42:34.331] [Server thread/WARN] [net.minecraft.server.MinecraftServer/]: Can't keep up! Is the server overloaded? Running 4622ms or 92 ticks behind
[14Aug2025 05:42:53.601] [Server thread/WARN] [net.minecraft.server.MinecraftServer/]: Can't keep up! Is the server overloaded? Running 4292ms or 85 ticks behind
[14Aug2025 05:43:13.458] [Server thread/WARN] [net.minecraft.server.MinecraftServer/]: Can't keep up! Is the server overloaded? Running 4900ms or 98 ticks behind
[14Aug2025 05:43:32.293] [Server thread/WARN] [net.minecraft.server.MinecraftServer/]: Can't keep up! Is the server overloaded? Running 3834ms or 76 ticks behind
[14Aug2025 05:43:50.837] [Server thread/WARN] [net.minecraft.server.MinecraftServer/]: Can't keep up! Is the server overloaded? Running 3579ms or 71 ticks behind
[14Aug2025 05:44:08.881] [Server thread/WARN] [net.minecraft.server.MinecraftServer/]: Can't keep up! Is the server overloaded? Running 3072ms or 61 ticks behind
[14Aug2025 05:44:26.955] [Server thread/WARN] [net.minecraft.server.MinecraftServer/]: Can't keep up! Is the server overloaded? Running 3097ms or 61 ticks behind
[14Aug2025 05:44:46.290] [Server thread/WARN] [net.minecraft.server.MinecraftServer/]: Can't keep up! Is the server overloaded? Running 4382ms or 87 ticks behind
[14Aug2025 05:45:04.605] [Server thread/WARN] [net.minecraft.server.MinecraftServer/]: Can't keep up! Is the server overloaded? Running 3347ms or 66 ticks behind
[14Aug2025 05:45:22.334] [Server thread/WARN] [net.minecraft.server.MinecraftServer/]: Can't keep up! Is the server overloaded? Running 2775ms or 55 ticks behind
[14Aug2025 05:46:54.849] [Server thread/INFO] [net.minecraft.server.MinecraftServer/]: [Not Secure] <MrWest02> tido jap
[14Aug2025 05:47:23.189] [Server thread/INFO] [net.minecraft.server.network.ServerGamePacketListenerImpl/]: Meow lost connection: Disconnected
[14Aug2025 05:47:23.190] [Server thread/INFO] [net.minecraft.server.MinecraftServer/]: Meow left the game
[14Aug2025 05:47:35.451] [Server thread/INFO] [net.minecraft.server.players.PlayerList/]: Meow[/182.62.70.212:10742] logged in with entity id 75797 at (211.30000001192093, 226.5129955373997, 542.6542413206658)
[14Aug2025 05:47:35.470] [Server thread/INFO] [net.minecraft.server.MinecraftServer/]: Meow joined the game
[14Aug2025 05:47:37.388] [Server thread/WARN] [net.minecraft.server.network.ServerGamePacketListenerImpl/]: Meow moved too quickly! 0.0,-10.01754356737797,0.0
[14Aug2025 05:47:47.539] [Server thread/INFO] [net.minecraft.server.MinecraftServer/]: [Not Secure] <MrWest02> bak dirt 4 stack
[14Aug2025 05:47:51.146] [Server thread/INFO] [net.minecraft.server.MinecraftServer/]: [Not Secure] <MrWest02> aq wat lah dup
[14Aug2025 05:47:56.798] [Server thread/INFO] [net.minecraft.server.MinecraftServer/]: [Not Secure] <MrWest02> campak dari atas
[14Aug2025 05:47:58.338] [Server thread/INFO] [net.minecraft.server.MinecraftServer/]: [Not Secure] <Meow> buang air atas dulu
[14Aug2025 05:48:08.993] [Server thread/INFO] [net.minecraft.server.MinecraftServer/]: [Not Secure] <MrWest02> takleh masalahnya
[14Aug2025 05:48:16.988] [Server thread/INFO] [net.minecraft.server.MinecraftServer/]: [Not Secure] <MrWest02> sebab kelp tu tolak air tu tadi
[14Aug2025 05:48:22.138] [Server thread/INFO] [net.minecraft.server.MinecraftServer/]: [Not Secure] <MrWest02> air tu bukan datang dari atas
[14Aug2025 05:48:28.241] [Server thread/INFO] [net.minecraft.server.MinecraftServer/]: [Not Secure] <MrWest02> dia ada kat tiap level
[14Aug2025 05:49:57.739] [Server thread/INFO] [net.minecraft.server.MinecraftServer/]: [Not Secure] <MrWest02> apa lak ni
[14Aug2025 05:50:05.594] [Server thread/INFO] [net.minecraft.server.MinecraftServer/]: [Not Secure] <Meow> aku buang air
[14Aug2025 05:50:13.496] [Server thread/INFO] [net.minecraft.server.MinecraftServer/]: [Not Secure] <Meow> jangan pasang lagi anjir
[14Aug2025 05:50:14.474] [Server thread/INFO] [net.minecraft.server.MinecraftServer/]: [Not Secure] <MrWest02> rajin nye
[14Aug2025 05:50:27.438] [Server thread/INFO] [net.minecraft.server.MinecraftServer/]: [Not Secure] <Meow> tolong ah
[14Aug2025 05:50:40.036] [Server thread/INFO] [net.minecraft.server.MinecraftServer/]: [Not Secure] <MrWest02> sial la
[14Aug2025 05:50:45.638] [Server thread/INFO] [net.minecraft.server.MinecraftServer/]: [Not Secure] <MrWest02> kau pass bucket tu sekali
[14Aug2025 05:50:50.238] [Server thread/INFO] [net.minecraft.server.MinecraftServer/]: [Not Secure] <MrWest02> aq setel kan lift ni lah
[14Aug2025 05:51:56.208] [Server thread/INFO] [net.minecraft.server.MinecraftServer/]: [Not Secure] <MrWest02> dh setel
[14Aug2025 05:52:04.289] [Server thread/INFO] [net.minecraft.server.MinecraftServer/]: [Not Secure] <MrWest02> cuma nk naik balik aq tak tau mcm mana
[14Aug2025 05:52:11.149] [Server thread/INFO] [net.minecraft.server.MinecraftServer/]: [Not Secure] <Meow> what
[14Aug2025 05:52:13.049] [Server thread/INFO] [net.minecraft.server.MinecraftServer/]: [Not Secure] <MrWest02> sebab kau buang air dari atas
[14Aug2025 05:52:25.154] [Server thread/INFO] [net.minecraft.server.MinecraftServer/]: [Not Secure] <Meow> apa yang settle
[14Aug2025 05:52:27.488] [Server thread/INFO] [net.minecraft.server.MinecraftServer/]: [Not Secure] <Meow> leaking lagi tu
[14Aug2025 05:52:36.235] [Server thread/INFO] [net.minecraft.server.MinecraftServer/]: [Not Secure] <MrWest02> belah kau jir
[14Aug2025 05:52:39.395] [Server thread/INFO] [net.minecraft.server.MinecraftServer/]: [Not Secure] <MrWest02> belah aq settle
[14Aug2025 05:52:40.746] [Server thread/INFO] [net.minecraft.server.MinecraftServer/]: [Not Secure] <Meow> buang la
[14Aug2025 05:52:53.108] [Server thread/INFO] [net.minecraft.server.MinecraftServer/]: [Not Secure] <Meow> kau gi isi air dari atas
[14Aug2025 05:52:55.285] [Server thread/INFO] [net.minecraft.server.MinecraftServer/]: [Not Secure] <Meow> amik bucket ni
[14Aug2025 05:52:59.338] [Server thread/INFO] [net.minecraft.server.MinecraftServer/]: [Not Secure] <Meow> isi kat dua dua tempat
[14Aug2025 05:54:10.388] [Server thread/INFO] [net.minecraft.server.MinecraftServer/]: [Not Secure] <Meow> belah turun tu, nanti tunggu aku suruh tuang air baru tuang
[14Aug2025 05:54:13.642] [Server thread/INFO] [net.minecraft.server.MinecraftServer/]: [Not Secure] <Meow> aku nak adjust bawah jap
[14Aug2025 05:54:49.896] [Server thread/INFO] [net.minecraft.server.MinecraftServer/]: [Not Secure] <Meow> eh dah okat
[14Aug2025 05:55:00.689] [Server thread/INFO] [net.minecraft.server.MinecraftServer/]: MrWest02 fell from a high place
[14Aug2025 05:55:06.438] [Server thread/INFO] [net.minecraft.server.MinecraftServer/]: [Not Secure] <MrWest02> siot
[14Aug2025 05:55:12.201] [Server thread/INFO] [net.minecraft.server.MinecraftServer/]: [Not Secure] <MrWest02> lupa takde feather falling
[14Aug2025 05:55:21.908] [Server thread/INFO] [net.minecraft.server.MinecraftServer/]: [Not Secure] <Meow> aik
[14Aug2025 05:55:32.036] [Server thread/INFO] [net.minecraft.server.MinecraftServer/]: [Not Secure] <MrWest02> mmg ye kau nk wat 2 stack sign
[14Aug2025 05:55:35.845] [Server thread/INFO] [net.minecraft.server.MinecraftServer/]: [Not Secure] <MrWest02> aq dh ckp jir
[14Aug2025 05:55:39.030] [Server thread/INFO] [net.minecraft.server.MinecraftServer/]: [Not Secure] <Meow> dah jadi
[14Aug2025 05:55:47.597] [Server thread/INFO] [net.minecraft.server.MinecraftServer/]: [Not Secure] <Meow> sempat isi air ke kat atas
[14Aug2025 05:56:00.105] [Server thread/INFO] [net.minecraft.server.MinecraftServer/]: [Not Secure] <MrWest02> tak kot
[14Aug2025 05:56:15.045] [Server thread/INFO] [net.minecraft.server.MinecraftServer/]: [Not Secure] <Meow> barang aku ada kat bawah sikit
[14Aug2025 05:56:24.648] [Server thread/INFO] [net.minecraft.server.MinecraftServer/]: [Not Secure] <Meow> asal ada air
[14Aug2025 05:57:07.013] [Server thread/INFO] [net.minecraft.server.MinecraftServer/]: [Not Secure] <MrWest02> aq tak tutup hbis tadi
[14Aug2025 05:59:59.750] [Server thread/INFO] [net.minecraft.server.MinecraftServer/]: [Not Secure] <MrWest02> dirt tadi ada tak
[14Aug2025 06:00:36.461] [Server thread/INFO] [net.minecraft.server.network.ServerGamePacketListenerImpl/]: Meow lost connection: Disconnected
[14Aug2025 06:00:36.463] [Server thread/INFO] [net.minecraft.server.MinecraftServer/]: Meow left the game
[14Aug2025 06:00:58.873] [Server thread/INFO] [net.minecraft.server.network.ServerLoginPacketListenerImpl/]: com.mojang.authlib.GameProfile@10a3739b[id=<null>,name=Meow,properties={},legacy=false] (/182.62.70.212:10731) lost connection: Disconnected
[14Aug2025 06:01:02.109] [Server thread/INFO] [net.minecraft.server.players.PlayerList/]: Meow[/182.62.70.212:10744] logged in with entity id 77881 at (209.13366402355686, 213.17530281673064, 543.3000000119209)
[14Aug2025 06:01:02.123] [Server thread/INFO] [net.minecraft.server.MinecraftServer/]: Meow joined the game
[14Aug2025 06:01:09.504] [Server thread/INFO] [net.minecraft.server.MinecraftServer/]: [Not Secure] <Meow> weh
[14Aug2025 06:01:35.638] [Server thread/INFO] [net.minecraft.server.MinecraftServer/]: [Not Secure] <Meow> siot
[14Aug2025 06:02:41.300] [Server thread/INFO] [net.minecraft.server.MinecraftServer/]: [Not Secure] <MrWest02> nak dirt
[14Aug2025 06:02:48.349] [Server thread/INFO] [net.minecraft.server.MinecraftServer/]: [Not Secure] <Meow> bawah bocor ke tak
[14Aug2025 06:02:50.259] [Server thread/INFO] [net.minecraft.server.MinecraftServer/]: [Not Secure] <Meow> ce tengok
[14Aug2025 06:02:56.096] [Server thread/INFO] [net.minecraft.server.MinecraftServer/]: [Not Secure] <MrWest02> bocor
[14Aug2025 06:03:02.749] [Server thread/INFO] [net.minecraft.server.MinecraftServer/]: [Not Secure] <Meow> aku dah tutup habis
[14Aug2025 06:03:16.149] [Server thread/INFO] [net.minecraft.server.MinecraftServer/]: [Not Secure] <MrWest02> dah tak bocor
[14Aug2025 06:03:19.892] [Server thread/INFO] [net.minecraft.server.MinecraftServer/]: [Not Secure] <Meow> okay
[14Aug2025 06:03:24.005] [Server thread/INFO] [net.minecraft.server.MinecraftServer/]: [Not Secure] <Meow> kelp ada kat aku ni
[14Aug2025 06:03:31.131] [Server thread/INFO] [net.minecraft.server.MinecraftServer/]: [Not Secure] <Meow> aku bawak turun ikut air
[14Aug2025 06:03:54.388] [Server thread/INFO] [net.minecraft.server.MinecraftServer/]: [Not Secure] <Meow> kat bawah dah kelp
[14Aug2025 06:03:56.990] [Server thread/INFO] [net.minecraft.server.MinecraftServer/]: [Not Secure] <Meow> hahahaha
[14Aug2025 06:04:08.401] [Server thread/INFO] [net.minecraft.server.MinecraftServer/]: [Not Secure] <MrWest02> jap
[14Aug2025 06:04:14.547] [Server thread/INFO] [net.minecraft.server.MinecraftServer/]: [Not Secure] <MrWest02> aq rasa magma tak letak takpe
[14Aug2025 06:04:20.645] [Server thread/INFO] [net.minecraft.server.MinecraftServer/]: [Not Secure] <Meow> mana boleh
[14Aug2025 06:04:24.845] [Server thread/INFO] [net.minecraft.server.MinecraftServer/]: [Not Secure] <MrWest02> bahagian turun ni aq letak air bawah sekali
[14Aug2025 06:04:31.921] [Server thread/INFO] [net.minecraft.server.MinecraftServer/]: [Not Secure] <MrWest02> nnti terjun takde lah fall damage
[14Aug2025 06:04:36.950] [Server thread/INFO] [net.minecraft.server.MinecraftServer/]: [Not Secure] <Meow> ooo
[14Aug2025 06:04:38.550] [Server thread/INFO] [net.minecraft.server.MinecraftServer/]: [Not Secure] <Meow> ikutla
[14Aug2025 06:05:10.943] [Server thread/INFO] [net.minecraft.server.MinecraftServer/]: MrWest02 fell from a high place
[14Aug2025 06:06:11.246] [Server thread/INFO] [net.minecraft.server.MinecraftServer/]: [Not Secure] <MrWest02> tido jap
[14Aug2025 06:07:03.807] [Server thread/INFO] [net.minecraft.server.MinecraftServer/]: [Not Secure] <Meow> mana jalan turun
[14Aug2025 06:11:01.982] [Server thread/INFO] [net.minecraft.server.MinecraftServer/]: [Not Secure] <MrWest02> tak jadi lah
[14Aug2025 06:11:07.543] [Server thread/INFO] [net.minecraft.server.MinecraftServer/]: [Not Secure] <MrWest02> aq baru jumpa magma
[14Aug2025 06:11:33.486] [Server thread/INFO] [net.minecraft.server.MinecraftServer/]: MrWest02 drowned
[14Aug2025 06:11:38.839] [Server thread/INFO] [net.minecraft.server.MinecraftServer/]: [Not Secure] <Meow> wow
[14Aug2025 06:12:09.533] [Server thread/INFO] [net.minecraft.server.MinecraftServer/]: MrWest02 drowned
[14Aug2025 06:12:14.635] [Server thread/INFO] [net.minecraft.server.MinecraftServer/]: [Not Secure] <MrWest02> babi lah
[14Aug2025 06:12:18.985] [Server thread/INFO] [net.minecraft.server.MinecraftServer/]: [Not Secure] <Meow> HAHAHAHAHAHA
[14Aug2025 06:12:19.234] [Server thread/INFO] [net.minecraft.server.MinecraftServer/]: [Not Secure] <MrWest02> kena ada water breathing sia
[14Aug2025 06:14:13.084] [Server thread/INFO] [net.minecraft.server.MinecraftServer/]: MrWest02 fell from a high place
[14Aug2025 06:14:43.388] [Server thread/INFO] [net.minecraft.server.MinecraftServer/]: [Not Secure] <MrWest02> setel
[14Aug2025 06:14:51.788] [Server thread/INFO] [net.minecraft.server.MinecraftServer/]: [Not Secure] <Meow> takde nafas pun
[14Aug2025 06:14:58.386] [Server thread/INFO] [net.minecraft.server.MinecraftServer/]: [Not Secure] <Meow> ooo ada
[14Aug2025 06:15:01.585] [Server thread/INFO] [net.minecraft.server.MinecraftServer/]: [Not Secure] <Meow> bagus bagus
[14Aug2025 06:15:11.984] [Server thread/INFO] [net.minecraft.server.MinecraftServer/]: [Not Secure] <MrWest02> noob
[14Aug2025 06:15:48.953] [Server thread/INFO] [net.minecraft.server.MinecraftServer/]: [Not Secure] <Meow> buruk gila dirt
[14Aug2025 06:18:54.194] [Server thread/INFO] [net.minecraft.server.MinecraftServer/]: [Not Secure] <MrWest02> JANGANLAH SIAL
[14Aug2025 06:18:57.605] [Server thread/INFO] [net.minecraft.server.MinecraftServer/]: [Not Secure] <MrWest02> aq nk afk
[14Aug2025 06:19:00.084] [Server thread/INFO] [net.minecraft.server.MinecraftServer/]: [Not Secure] <Meow> aku sharpness 4
[14Aug2025 06:19:01.138] [Server thread/INFO] [net.minecraft.server.MinecraftServer/]: [Not Secure] <MrWest02> pantek
[14Aug2025 06:19:05.809] [Server thread/INFO] [net.minecraft.server.MinecraftServer/]: [Not Secure] <Meow> jap 3 level je aloh
[14Aug2025 06:19:16.447] [Server thread/INFO] [net.minecraft.server.MinecraftServer/]: [Not Secure] <MrWest02> aq dapat sharpness 5 tadi
[14Aug2025 06:19:20.632] [Server thread/INFO] [net.minecraft.server.MinecraftServer/]: [Not Secure] <MrWest02> so nk kene grind
[14Aug2025 06:19:24.258] [Server thread/INFO] [net.minecraft.server.MinecraftServer/]: [Not Secure] <Meow> fine
[14Aug2025 06:19:40.535] [Server thread/INFO] [net.minecraft.server.MinecraftServer/]: [Not Secure] <MrWest02> nk buat yg copper tu tak?
[14Aug2025 06:19:47.549] [Server thread/INFO] [net.minecraft.server.MinecraftServer/]: [Not Secure] <MrWest02> ke nk wat trade center pas ni?
[14Aug2025 06:19:54.904] [Server thread/INFO] [net.minecraft.server.MinecraftServer/]: [Not Secure] <Meow> trade center dulu la aku rasa
[14Aug2025 06:20:01.386] [Server thread/INFO] [net.minecraft.server.MinecraftServer/]: [Not Secure] <Meow> mending penting
[14Aug2025 06:20:09.757] [Server thread/INFO] [net.minecraft.server.MinecraftServer/]: [Not Secure] <MrWest02> siot
[14Aug2025 06:20:13.704] [Server thread/INFO] [net.minecraft.server.MinecraftServer/]: [Not Secure] <MrWest02> pakai apa ni?
[14Aug2025 06:20:15.308] [Server thread/INFO] [net.minecraft.server.MinecraftServer/]: [Not Secure] <Meow> srs talk
[14Aug2025 06:20:18.988] [Server thread/INFO] [net.minecraft.server.MinecraftServer/]: [Not Secure] <Meow> senang je
[14Aug2025 06:20:19.200] [Server thread/INFO] [net.minecraft.server.MinecraftServer/]: [Not Secure] <MrWest02> bot ke railway?
[14Aug2025 06:20:25.937] [Server thread/INFO] [net.minecraft.server.MinecraftServer/]: [Not Secure] <Meow> kita amik lereng bukit je
[14Aug2025 06:20:31.972] [Server thread/INFO] [net.minecraft.server.MinecraftServer/]: [Not Secure] <Meow> nanti aku buat tempat breeeder dulu
[14Aug2025 06:20:48.849] [Server thread/INFO] [net.minecraft.server.MinecraftServer/]: [Not Secure] <Meow> railway
[14Aug2025 06:20:57.144] [Server thread/INFO] [net.minecraft.server.MinecraftServer/]: [Not Secure] <MrWest02> orite
[14Aug2025 06:21:03.134] [Server thread/INFO] [net.minecraft.server.MinecraftServer/]: [Not Secure] <MrWest02> kene cari iron dulu lah ni?
[14Aug2025 06:21:12.444] [Server thread/INFO] [net.minecraft.server.MinecraftServer/]: [Not Secure] <Meow> ada dah
[14Aug2025 06:21:21.036] [Server thread/INFO] [net.minecraft.server.MinecraftServer/]: [Not Secure] <Meow> cukup je ni 1 stack kot
[14Aug2025 06:21:31.045] [Server thread/INFO] [net.minecraft.server.MinecraftServer/]: [Not Secure] <Meow> kau amik lv dulu
[14Aug2025 06:25:52.137] [Server thread/WARN] [net.minecraft.server.MinecraftServer/]: Can't keep up! Is the server overloaded? Running 2028ms or 40 ticks behind
[14Aug2025 06:36:17.069] [Server thread/INFO] [net.minecraft.server.MinecraftServer/]: [Not Secure] <Meow> weh ke iron farm dulu du
[14Aug2025 06:36:42.412] [Server thread/INFO] [net.minecraft.server.MinecraftServer/]: [Not Secure] <MrWest02> critical ka?
[14Aug2025 06:37:07.914] [Server thread/INFO] [net.minecraft.server.MinecraftServer/]: [Not Secure] <Meow> kalau ada iron
[14Aug2025 06:37:11.684] [Server thread/INFO] [net.minecraft.server.MinecraftServer/]: [Not Secure] <Meow> semua jenis farm boleh buat
[14Aug2025 06:37:52.937] [Server thread/INFO] [net.minecraft.server.MinecraftServer/]: [Not Secure] <MrWest02> okay gak
[14Aug2025 06:38:00.091] [Server thread/INFO] [net.minecraft.server.MinecraftServer/]: [Not Secure] <Meow> oke
[14Aug2025 06:38:01.053] [Server thread/INFO] [net.minecraft.server.MinecraftServer/]: [Not Secure] <MrWest02> banyak tak material
[14Aug2025 06:41:57.118] [Server thread/INFO] [net.minecraft.server.MinecraftServer/]: [Not Secure] <Meow> banyak proses la
[14Aug2025 06:42:47.886] [Server thread/INFO] [net.minecraft.server.MinecraftServer/]: [Not Secure] <MrWest02> asal makin kurang je creeper spawn ni
[14Aug2025 06:43:43.990] [Server thread/INFO] [net.minecraft.server.MinecraftServer/]: [Not Secure] <MrWest02> nak dirt jap
[14Aug2025 06:43:45.256] [Server thread/INFO] [net.minecraft.server.MinecraftServer/]: [Not Secure] <Meow> memang gitu lama lama
[14Aug2025 06:44:15.883] [Server thread/INFO] [net.minecraft.server.MinecraftServer/]: [Not Secure] <MrWest02> eh shovel aq ada tak
[14Aug2025 06:45:02.848] [Server thread/INFO] [net.minecraft.server.MinecraftServer/]: [Not Secure] <Meow> ko nak wat apa
[14Aug2025 06:52:10.791] [Server thread/INFO] [net.minecraft.server.MinecraftServer/]: [Not Secure] <MrWest02> aq nk turun jap
[14Aug2025 06:53:28.386] [Server thread/INFO] [net.minecraft.server.MinecraftServer/]: [Not Secure] <Meow> buat apa
[14Aug2025 06:53:37.657] [Server thread/INFO] [net.minecraft.server.MinecraftServer/]: [Not Secure] <MrWest02> nk mine copper ckit
[14Aug2025 06:53:47.235] [Server thread/INFO] [net.minecraft.server.MinecraftServer/]: [Not Secure] <MrWest02> nk wat peluru
[14Aug2025 06:54:04.180] [Server thread/INFO] [net.minecraft.server.MinecraftServer/]: [Not Secure] <MrWest02> satu lagi aq rasa bwah tu lagi laju sia exp
[14Aug2025 06:55:26.698] [Server thread/INFO] [net.minecraft.server.MinecraftServer/]: [Not Secure] <Meow> K
[14Aug2025 07:02:49.589] [Server thread/WARN] [net.minecraft.server.level.ServerPlayerGameMode/]: Mismatch in destroy block pos: BlockPos{x=178, y=-21, z=574} BlockPos{x=177, y=-22, z=574}
[14Aug2025 07:03:14.952] [Server thread/WARN] [net.minecraft.server.level.ServerPlayerGameMode/]: Mismatch in destroy block pos: BlockPos{x=183, y=-13, z=583} BlockPos{x=183, y=-14, z=583}
[14Aug2025 07:03:28.949] [Server thread/WARN] [net.minecraft.server.level.ServerPlayerGameMode/]: Mismatch in destroy block pos: BlockPos{x=181, y=-21, z=583} BlockPos{x=180, y=-21, z=583}
[14Aug2025 07:03:29.151] [Server thread/WARN] [net.minecraft.server.level.ServerPlayerGameMode/]: Mismatch in destroy block pos: BlockPos{x=180, y=-21, z=583} BlockPos{x=181, y=-21, z=583}
[14Aug2025 07:03:56.857] [Server thread/WARN] [net.minecraft.server.level.ServerPlayerGameMode/]: Mismatch in destroy block pos: BlockPos{x=169, y=-11, z=604} BlockPos{x=170, y=-11, z=604}
[14Aug2025 07:04:54.159] [Server thread/WARN] [net.minecraft.server.level.ServerPlayerGameMode/]: Mismatch in destroy block pos: BlockPos{x=169, y=-26, z=595} BlockPos{x=168, y=-26, z=595}
[14Aug2025 07:06:29.542] [Server thread/WARN] [net.minecraft.server.level.ServerPlayerGameMode/]: Mismatch in destroy block pos: BlockPos{x=153, y=-23, z=597} BlockPos{x=151, y=-24, z=595}
[14Aug2025 07:08:26.799] [Server thread/WARN] [net.minecraft.server.level.ServerPlayerGameMode/]: Mismatch in destroy block pos: BlockPos{x=158, y=-13, z=588} BlockPos{x=158, y=-14, z=587}
[14Aug2025 07:08:33.989] [Server thread/INFO] [net.minecraft.server.MinecraftServer/]: MrWest02 has completed the challenge [It Spreads]
[14Aug2025 07:12:45.043] [Server thread/INFO] [net.minecraft.server.MinecraftServer/]: [Not Secure] <MrWest02> hahaha
[14Aug2025 07:12:54.957] [Server thread/INFO] [net.minecraft.server.MinecraftServer/]: [Not Secure] <Meow> kata bawah lagi laju
[14Aug2025 07:12:59.182] [Server thread/INFO] [net.minecraft.server.MinecraftServer/]: [Not Secure] <MrWest02> babi time kau bnyak lak
[14Aug2025 07:13:06.934] [Server thread/INFO] [net.minecraft.server.MinecraftServer/]: [Not Secure] <Meow> lama aku duduk sini siak
[14Aug2025 07:13:18.307] [Server thread/INFO] [net.minecraft.server.MinecraftServer/]: [Not Secure] <MrWest02> aq nk rembat satu level je
[14Aug2025 07:13:21.891] [Server thread/INFO] [net.minecraft.server.MinecraftServer/]: [Not Secure] <Meow> buat farm exp lak la
[14Aug2025 07:13:24.156] [Server thread/INFO] [net.minecraft.server.MinecraftServer/]: [Not Secure] <MrWest02> dh complete 30
[14Aug2025 07:13:54.551] [Server thread/INFO] [net.minecraft.server.MinecraftServer/]: [Not Secure] <Meow> nanti aku cari farm xp
[14Aug2025 07:14:03.452] [Server thread/INFO] [net.minecraft.server.MinecraftServer/]: [Not Secure] <MrWest02> cer bak iron
[14Aug2025 07:14:12.707] [Server thread/INFO] [net.minecraft.server.MinecraftServer/]: [Not Secure] <MrWest02> aq nk start wat trade center dh kot
[14Aug2025 07:15:59.352] [Server thread/INFO] [net.minecraft.server.MinecraftServer/]: [Not Secure] <MrWest02> kau nk copper ckit ke
[14Aug2025 07:16:02.836] [Server thread/INFO] [net.minecraft.server.MinecraftServer/]: [Not Secure] <MrWest02> aq ada 8 stack
[14Aug2025 07:21:48.649] [Server thread/INFO] [net.minecraft.server.MinecraftServer/]: [Not Secure] <Meow> jap
[14Aug2025 07:21:54.825] [Server thread/INFO] [net.minecraft.server.MinecraftServer/]: [Not Secure] <Meow> aku apply interview tadi
[14Aug2025 07:22:13.602] [Server thread/INFO] [net.minecraft.server.MinecraftServer/]: [Not Secure] <MrWest02> company apa?
[14Aug2025 07:22:29.338] [Server thread/INFO] [net.minecraft.server.MinecraftServer/]: [Not Secure] <Meow> G Plus Tech
[14Aug2025 07:32:57.535] [Server thread/INFO] [net.minecraft.server.MinecraftServer/]: [Not Secure] <Meow> wow
[14Aug2025 07:33:03.446] [Server thread/INFO] [net.minecraft.server.MinecraftServer/]: [Not Secure] <MrWest02> berapi matt
[14Aug2025 07:33:35.749] [Server thread/INFO] [net.minecraft.server.MinecraftServer/]: [Not Secure] <MrWest02> level berapa dah
[14Aug2025 07:35:14.485] [Server thread/INFO] [net.minecraft.server.MinecraftServer/]: [Not Secure] <Meow> 39
[14Aug2025 07:35:23.200] [Server thread/INFO] [net.minecraft.server.MinecraftServer/]: [Not Secure] <Meow> kau nak buat pulak ke
[14Aug2025 07:35:38.479] [Server thread/INFO] [net.minecraft.server.MinecraftServer/]: [Not Secure] <MrWest02> tak tanya je
[14Aug2025 07:35:42.436] [Server thread/INFO] [net.minecraft.server.MinecraftServer/]: [Not Secure] <Meow> K
[14Aug2025 07:35:47.139] [Server thread/INFO] [net.minecraft.server.MinecraftServer/]: [Not Secure] <MrWest02> nk besi
[14Aug2025 07:35:48.738] [Server thread/INFO] [net.minecraft.server.MinecraftServer/]: [Not Secure] <Meow> aku dah siap
[14Aug2025 07:35:52.246] [Server thread/INFO] [net.minecraft.server.MinecraftServer/]: [Not Secure] <Meow> berapa
[14Aug2025 07:35:54.207] [Server thread/INFO] [net.minecraft.server.MinecraftServer/]: [Not Secure] <MrWest02> nk wat railway ni hir
[14Aug2025 07:35:54.300] [Server thread/INFO] [net.minecraft.server.MinecraftServer/]: [Not Secure] <Meow> nak buat apa
[14Aug2025 07:36:00.986] [Server thread/INFO] [net.minecraft.server.MinecraftServer/]: [Not Secure] <Meow> oo
[14Aug2025 07:36:04.385] [Server thread/INFO] [net.minecraft.server.MinecraftServer/]: [Not Secure] <Meow> dah tau ke nak wat canne
[14Aug2025 07:36:06.149] [Server thread/INFO] [net.minecraft.server.MinecraftServer/]: [Not Secure] <Meow> breeder
[14Aug2025 07:36:09.556] [Server thread/INFO] [net.minecraft.server.MinecraftServer/]: [Not Secure] <Meow> dc ah
[14Aug2025 07:36:16.356] [Server thread/INFO] [net.minecraft.server.MinecraftServer/]: [Not Secure] <MrWest02> letak pintu ngan carrot je en
[14Aug2025 07:36:20.436] [Server thread/INFO] [net.minecraft.server.MinecraftServer/]: [Not Secure] <MrWest02> bagi diorang ngentot
[14Aug2025 07:36:27.354] [Server thread/INFO] [net.minecraft.server.MinecraftServer/]: [Not Secure] <Meow> pintu ke katil
[14Aug2025 07:36:35.383] [Server thread/INFO] [net.minecraft.server.MinecraftServer/]: [Not Secure] <MrWest02> pintu
[14Aug2025 07:36:38.152] [Server thread/INFO] [net.minecraft.server.MinecraftServer/]: [Not Secure] <MrWest02> en?
[14Aug2025 07:36:46.187] [Server thread/INFO] [net.minecraft.server.MinecraftServer/]: [Not Secure] <MrWest02> katil tak silap aq mcm optional
[14Aug2025 07:36:50.594] [Server thread/INFO] [net.minecraft.server.MinecraftServer/]: [Not Secure] <MrWest02> kalau version lama lah
[14Aug2025 07:36:52.685] [Server thread/INFO] [net.minecraft.server.MinecraftServer/]: [Not Secure] <Meow> pintu block dia
[14Aug2025 07:36:58.903] [Server thread/INFO] [net.minecraft.server.MinecraftServer/]: [Not Secure] <Meow> https://www.youtube.com/watch?v=xNuBDFWj5Vw&ab_channel=moretingz
[14Aug2025 07:37:25.507] [Server thread/INFO] [net.minecraft.server.MinecraftServer/]: [Not Secure] <Meow> buat macam tu
[14Aug2025 07:37:29.901] [Server thread/INFO] [net.minecraft.server.MinecraftServer/]: [Not Secure] <MrWest02> mmg nmpak
[14Aug2025 07:38:05.882] [Server thread/INFO] [net.minecraft.server.MinecraftServer/]: [Not Secure] <Meow> siao
[14Aug2025 07:43:45.638] [Server thread/INFO] [net.minecraft.server.MinecraftServer/]: [Not Secure] <Meow> tolong aku
[14Aug2025 07:45:26.806] [Server thread/INFO] [net.minecraft.server.MinecraftServer/]: [Not Secure] <Meow> ada sweeping edge
[14Aug2025 07:45:43.641] [Server thread/INFO] [net.minecraft.server.MinecraftServer/]: [Not Secure] <MrWest02> apa tu?
[14Aug2025 07:45:57.282] [Server thread/INFO] [net.minecraft.server.MinecraftServer/]: [Not Secure] <Meow> pukul kena belakang
[14Aug2025 07:46:45.797] [Server thread/INFO] [net.minecraft.server.MinecraftServer/]: [Not Secure] <Meow> pinjam yang pistol api tu
[14Aug2025 07:46:49.235] [Server thread/INFO] [net.minecraft.server.MinecraftServer/]: [Not Secure] <Meow> tembak babi sat
[14Aug2025 07:46:51.584] [Server thread/INFO] [net.minecraft.server.MinecraftServer/]: [Not Secure] <Meow> nak porkcop
[14Aug2025 07:47:01.194] [Server thread/INFO] [net.minecraft.server.MinecraftServer/]: [Not Secure] <MrWest02> hahaha rugiii
[14Aug2025 07:47:07.807] [Server thread/INFO] [net.minecraft.server.MinecraftServer/]: [Not Secure] <Meow> dapat yang dah masak nanti
[14Aug2025 07:47:13.472] [Server thread/INFO] [net.minecraft.server.MinecraftServer/]: [Not Secure] <Meow> okay ah tu
[14Aug2025 07:47:28.387] [Server thread/INFO] [net.minecraft.server.MinecraftServer/]: [Not Secure] <MrWest02> nk tmbak berapa?
[14Aug2025 07:47:31.641] [Server thread/INFO] [net.minecraft.server.MinecraftServer/]: [Not Secure] <Meow> 5 ekor
[14Aug2025 07:47:38.550] [Server thread/INFO] [net.minecraft.server.MinecraftServer/]: [Not Secure] <Meow> biar tinggal 5 ekor je takpe
[14Aug2025 07:48:32.581] [Server thread/INFO] [net.minecraft.server.MinecraftServer/]: [Not Secure] <Meow> bagi carrot
[14Aug2025 07:48:35.079] [Server thread/INFO] [net.minecraft.server.MinecraftServer/]: [Not Secure] <Meow> biar biak balik
[14Aug2025 07:49:30.735] [Server thread/INFO] [net.minecraft.server.MinecraftServer/]: [Not Secure] <Meow> bila nak buat trade tu
[14Aug2025 07:49:37.546] [Server thread/INFO] [net.minecraft.server.MinecraftServer/]: [Not Secure] <MrWest02> bak lah ironnya
[14Aug2025 07:49:40.897] [Server thread/INFO] [net.minecraft.server.MinecraftServer/]: [Not Secure] <MrWest02> dari tadi aq mintak
[14Aug2025 07:49:44.932] [Server thread/INFO] [net.minecraft.server.MinecraftServer/]: [Not Secure] <Meow> ikut video tu la
[14Aug2025 07:49:45.557] [Server thread/INFO] [net.minecraft.server.MinecraftServer/]: [Not Secure] <MrWest02> ke nk wat tapak lu
[14Aug2025 07:49:50.855] [Server thread/INFO] [net.minecraft.server.MinecraftServer/]: [Not Secure] <Meow> tapak lu
[14Aug2025 07:49:59.158] [Server thread/INFO] [net.minecraft.server.MinecraftServer/]: [Not Secure] <Meow> dc la
[14Aug2025 07:52:22.992] [Server thread/INFO] [net.minecraft.server.MinecraftServer/]: [Not Secure] <MrWest02> ada stone tak
[14Aug2025 07:52:30.979] [Server thread/INFO] [net.minecraft.server.MinecraftServer/]: [Not Secure] <Meow> kau tengok video tu ke
[14Aug2025 07:52:33.247] [Server thread/INFO] [net.minecraft.server.MinecraftServer/]: [Not Secure] <MrWest02> vid tadi mintak 8 stack kalau tak silap aq
[14Aug2025 07:52:38.982] [Server thread/INFO] [net.minecraft.server.MinecraftServer/]: [Not Secure] <Meow> aku cari stone
[14Aug2025 07:55:00.899] [Server thread/INFO] [net.minecraft.server.MinecraftServer/]: [Not Secure] <Meow> oii
[14Aug2025 07:55:04.457] [Server thread/INFO] [net.minecraft.server.MinecraftServer/]: [Not Secure] <MrWest02> nk buat 2 tingkat
[14Aug2025 07:55:08.775] [Server thread/INFO] [net.minecraft.server.MinecraftServer/]: [Not Secure] <Meow> buat villager tu kat atas ni takpe
[14Aug2025 07:55:17.573] [Server thread/INFO] [net.minecraft.server.MinecraftServer/]: [Not Secure] <Meow> ratakan tanah ni
[14Aug2025 07:55:23.452] [Server thread/INFO] [net.minecraft.server.MinecraftServer/]: [Not Secure] <Meow> atas
[14Aug2025 07:55:39.713] [Server thread/INFO] [net.minecraft.server.MinecraftServer/]: [Not Secure] <Meow> bawah jadi trade center
[14Aug2025 07:55:45.787] [Server thread/INFO] [net.minecraft.server.MinecraftServer/]: [Not Secure] <MrWest02> sini ke?
[14Aug2025 07:55:47.955] [Server thread/INFO] [net.minecraft.server.MinecraftServer/]: [Not Secure] <Meow> haah
[14Aug2025 07:55:49.295] [Server thread/INFO] [net.minecraft.server.MinecraftServer/]: [Not Secure] <Meow> ok ark
[14Aug2025 07:55:54.442] [Server thread/INFO] [net.minecraft.server.MinecraftServer/]: [Not Secure] <MrWest02> ke nk atas lagi
[14Aug2025 07:56:01.148] [Server thread/INFO] [net.minecraft.server.MinecraftServer/]: [Not Secure] <Meow> takyah jauh sangat
[14Aug2025 07:56:08.458] [Server thread/INFO] [net.minecraft.server.MinecraftServer/]: [Not Secure] <Meow> sebab bawah ni trade center
[14Aug2025 07:56:13.443] [Server thread/INFO] [net.minecraft.server.MinecraftServer/]: [Not Secure] <MrWest02> orite gak
[14Aug2025 07:56:22.489] [Server thread/INFO] [net.minecraft.server.MinecraftServer/]: [Not Secure] <MrWest02> material aq dh send kat kau
[14Aug2025 07:56:24.989] [Server thread/INFO] [net.minecraft.server.MinecraftServer/]: [Not Secure] <MrWest02> kat ws
[14Aug2025 07:56:32.292] [Server thread/INFO] [net.minecraft.server.MinecraftServer/]: [Not Secure] <MrWest02> pakai stone biasa je takyah smooth stone
[14Aug2025 07:56:34.606] [Server thread/INFO] [net.minecraft.server.MinecraftServer/]: [Not Secure] <Meow> oke
[14Aug2025 07:57:30.643] [Server thread/WARN] [net.minecraft.server.network.ServerGamePacketListenerImpl/]: MrWest02 moved wrongly!
[14Aug2025 08:02:17.190] [Server thread/INFO] [net.minecraft.server.MinecraftServer/]: [Not Secure] <MrWest02> tido jap du
[14Aug2025 08:02:20.240] [Server thread/INFO] [net.minecraft.server.MinecraftServer/]: [Not Secure] <MrWest02> ada phantom njir
[14Aug2025 08:06:26.286] [Server thread/INFO] [net.minecraft.server.MinecraftServer/]: [Not Secure] <MrWest02> mine atas du
[14Aug2025 08:06:32.852] [Server thread/WARN] [net.minecraft.server.level.ServerPlayerGameMode/]: Mismatch in destroy block pos: BlockPos{x=167, y=131, z=557} BlockPos{x=167, y=131, z=558}
[14Aug2025 08:06:32.934] [Server thread/WARN] [net.minecraft.server.level.ServerPlayerGameMode/]: Mismatch in destroy block pos: BlockPos{x=167, y=131, z=557} BlockPos{x=167, y=131, z=558}
[14Aug2025 08:06:32.951] [Server thread/WARN] [net.minecraft.server.level.ServerPlayerGameMode/]: Mismatch in destroy block pos: BlockPos{x=167, y=131, z=557} BlockPos{x=167, y=131, z=558}
[14Aug2025 08:06:33.032] [Server thread/WARN] [net.minecraft.server.level.ServerPlayerGameMode/]: Mismatch in destroy block pos: BlockPos{x=167, y=131, z=557} BlockPos{x=167, y=131, z=558}
[14Aug2025 08:07:53.533] [Server thread/INFO] [net.minecraft.server.MinecraftServer/]: [Not Secure] <Meow> letak 2 stack dirt
[14Aug2025 08:13:10.483] [Server thread/INFO] [net.minecraft.server.MinecraftServer/]: [Not Secure] <Meow> kau buat apa
[14Aug2025 08:13:20.753] [Server thread/INFO] [net.minecraft.server.MinecraftServer/]: [Not Secure] <MrWest02> organize barang jap
[14Aug2025 08:13:43.901] [Server thread/INFO] [net.minecraft.server.MinecraftServer/]: [Not Secure] <Meow> aku craft barang ii tu
[14Aug2025 08:15:57.916] [Server thread/INFO] [net.minecraft.server.MinecraftServer/]: [Not Secure] <MrWest02> geng tolong amik pickaxe aq jap
[14Aug2025 08:16:01.088] [Server thread/INFO] [net.minecraft.server.MinecraftServer/]: [Not Secure] <MrWest02> lupa dup
[14Aug2025 08:16:07.482] [Server thread/INFO] [net.minecraft.server.MinecraftServer/]: [Not Secure] <Meow> mana
[14Aug2025 08:18:04.781] [Server thread/INFO] [net.minecraft.server.MinecraftServer/]: [Not Secure] <Meow> ada bucket
[14Aug2025 08:18:11.848] [Server thread/INFO] [net.minecraft.server.MinecraftServer/]: [Not Secure] <MrWest02> kat chest tools
[14Aug2025 08:18:16.237] [Server thread/INFO] [net.minecraft.server.MinecraftServer/]: [Not Secure] <MrWest02> kat rumah aq
[14Aug2025 08:18:20.852] [Server thread/INFO] [net.minecraft.server.MinecraftServer/]: [Not Secure] <MrWest02> amik pickaxe sekali dup
[14Aug2025 08:18:23.383] [Server thread/INFO] [net.minecraft.server.MinecraftServer/]: [Not Secure] <MrWest02> silk touch
[14Aug2025 08:18:26.938] [Server thread/INFO] [net.minecraft.server.MinecraftServer/]: [Not Secure] <Meow> K
[14Aug2025 08:20:14.831] [Server thread/INFO] [net.minecraft.server.MinecraftServer/]: [Not Secure] <Meow> tu
[14Aug2025 08:25:13.581] [Server thread/INFO] [net.minecraft.server.MinecraftServer/]: [Not Secure] <MrWest02> babi lah
[14Aug2025 08:25:19.285] [Server thread/INFO] [net.minecraft.server.MinecraftServer/]: [Not Secure] <Meow> nape
[14Aug2025 08:25:29.737] [Server thread/INFO] [net.minecraft.server.MinecraftServer/]: [Not Secure] <MrWest02> kau tgk balik version video tu
[14Aug2025 08:26:08.082] [Server thread/INFO] [net.minecraft.server.MinecraftServer/]: [Not Secure] <Meow> boleh je gile
[14Aug2025 08:26:20.679] [Server thread/INFO] [net.minecraft.server.MinecraftServer/]: [Not Secure] <MrWest02> seres eh tak effect
[14Aug2025 08:26:22.875] [Server thread/INFO] [net.minecraft.server.MinecraftServer/]: [Not Secure] <Meow> salah pintu kot
[14Aug2025 08:26:27.001] [Server thread/INFO] [net.minecraft.server.MinecraftServer/]: [Not Secure] <Meow> trapdoor tu jela sus
[14Aug2025 08:26:35.048] [Server thread/INFO] [net.minecraft.server.MinecraftServer/]: [Not Secure] <MrWest02> tak kisah jenis apa
[14Aug2025 08:26:35.801] [Server thread/INFO] [net.minecraft.server.MinecraftServer/]: [Not Secure] <Meow> sebab dia taknampak ork
[14Aug2025 08:27:06.855] [Server thread/INFO] [net.minecraft.server.MinecraftServer/]: [Not Secure] <Meow> kau buat jap, aku gi cari villager
[14Aug2025 08:30:09.893] [Server thread/INFO] [net.minecraft.server.MinecraftServer/]: [Not Secure] <Meow> siot version lama takleh letak tali kat boat
[14Aug2025 08:30:35.491] [Server thread/INFO] [net.minecraft.server.MinecraftServer/]: [Not Secure] <MrWest02> tu aq suh wat railway tu
[14Aug2025 08:32:57.297] [Server thread/INFO] [net.minecraft.server.MinecraftServer/]: [Not Secure] <Meow> tido
[14Aug2025 08:33:07.152] [Server thread/INFO] [net.minecraft.server.MinecraftServer/]: [Not Secure] <Meow> cepat
[14Aug2025 08:35:12.955] [Server thread/INFO] [net.minecraft.server.MinecraftServer/]: [Not Secure] <Meow> fk
[14Aug2025 08:35:32.843] [Server thread/INFO] [net.minecraft.server.MinecraftServer/]: [Not Secure] <MrWest02> nape
[14Aug2025 08:35:38.347] [Server thread/INFO] [net.minecraft.server.MinecraftServer/]: [Not Secure] <Meow> susah nak bwak gila
[14Aug2025 08:39:20.813] [Server thread/INFO] [net.minecraft.server.MinecraftServer/]: [Not Secure] <Meow> pasang mod la bawak dorang
[14Aug2025 08:40:15.342] [Server thread/INFO] [net.minecraft.server.MinecraftServer/]: [Not Secure] <MrWest02> hahaha pulakk
[14Aug2025 08:40:34.889] [Server thread/INFO] [net.minecraft.server.MinecraftServer/]: [Not Secure] <Meow> susah nak bawak sebab takleh letak kat boat
[14Aug2025 08:42:52.382] [Server thread/INFO] [net.minecraft.server.MinecraftServer/]: [Not Secure] <Meow> download least villager
[14Aug2025 08:42:53.533] [Server thread/INFO] [net.minecraft.server.network.ServerGamePacketListenerImpl/]: Meow lost connection: Disconnected
[14Aug2025 08:42:53.533] [Server thread/INFO] [net.minecraft.server.MinecraftServer/]: Meow left the game
[14Aug2025 08:43:05.234] [Server thread/INFO] [net.minecraft.server.network.ServerLoginPacketListenerImpl/]: com.mojang.authlib.GameProfile@5f93edb4[id=<null>,name=Meow,properties={},legacy=false] (/182.62.70.212:10756) lost connection: Disconnected
[14Aug2025 08:43:08.298] [Server thread/INFO] [net.minecraft.server.players.PlayerList/]: Meow[/182.62.70.212:10726] logged in with entity id 104904 at (168.673262061847, 127.0, 538.2927565869608)
[14Aug2025 08:43:08.323] [Server thread/INFO] [net.minecraft.server.MinecraftServer/]: Meow joined the game
[14Aug2025 08:43:18.736] [Server thread/INFO] [net.minecraft.server.network.ServerGamePacketListenerImpl/]: Meow lost connection: Disconnected
[14Aug2025 08:43:18.738] [Server thread/INFO] [net.minecraft.server.MinecraftServer/]: Meow left the game
[14Aug2025 08:46:27.433] [Server thread/INFO] [net.minecraft.server.network.ServerLoginPacketListenerImpl/]: com.mojang.authlib.GameProfile@1aa2daf1[id=<null>,name=Meow,properties={},legacy=false] (/182.62.70.212:10744) lost connection: Disconnected
[14Aug2025 08:46:30.621] [Server thread/INFO] [net.minecraft.server.players.PlayerList/]: Meow[/182.62.70.212:10772] logged in with entity id 105320 at (169.40597795344007, 127.0, 542.7146313230658)
[14Aug2025 08:46:30.637] [Server thread/INFO] [net.minecraft.server.MinecraftServer/]: Meow joined the game
[14Aug2025 08:51:09.753] [Server thread/INFO] [net.minecraft.server.network.ServerGamePacketListenerImpl/]: Meow lost connection: Disconnected
[14Aug2025 08:51:09.755] [Server thread/INFO] [net.minecraft.server.MinecraftServer/]: Meow left the game
[14Aug2025 08:53:15.030] [Server thread/INFO] [net.minecraft.server.network.ServerGamePacketListenerImpl/]: MrWest02 lost connection: Disconnected
[14Aug2025 08:53:15.032] [Server thread/INFO] [net.minecraft.server.MinecraftServer/]: MrWest02 left the game
[14Aug2025 08:53:20.289] [Server thread/INFO] [net.minecraft.server.players.PlayerList/]: MrWest02[/210.186.227.67:57410] logged in with entity id 106885 at (212.57888125517087, 120.0, 562.6999999880791)
[14Aug2025 08:53:20.308] [Server thread/INFO] [net.minecraft.server.MinecraftServer/]: MrWest02 joined the game
[14Aug2025 08:53:23.311] [Server thread/WARN] [net.minecraft.server.MinecraftServer/]: Can't keep up! Is the server overloaded? Running 2953ms or 59 ticks behind
[14Aug2025 08:55:27.357] [Server thread/INFO] [net.minecraft.server.players.PlayerList/]: Meow[/182.62.70.212:10730] logged in with entity id 107309 at (126.51015009764608, 130.0, 397.6845186786687)
[14Aug2025 08:55:27.364] [Server thread/INFO] [net.minecraft.server.MinecraftServer/]: Meow joined the game
[14Aug2025 08:57:35.438] [Server thread/INFO] [net.minecraft.server.network.ServerGamePacketListenerImpl/]: Meow lost connection: Disconnected
[14Aug2025 08:57:35.439] [Server thread/INFO] [net.minecraft.server.MinecraftServer/]: Meow left the game
[14Aug2025 08:58:42.905] [Server thread/INFO] [net.minecraft.server.players.PlayerList/]: Meow[/182.62.70.212:10749] logged in with entity id 108014 at (124.48990594630355, 126.0, 384.63862755082425)
[14Aug2025 08:58:42.920] [Server thread/INFO] [net.minecraft.server.MinecraftServer/]: Meow joined the game
[14Aug2025 08:58:58.005] [Server thread/INFO] [net.minecraft.server.MinecraftServer/]: [Not Secure] <MrWest02> join left, join left
[14Aug2025 08:59:21.972] [Server thread/INFO] [net.minecraft.server.MinecraftServer/]: [Not Secure] <Meow> astu ?
[14Aug2025 08:59:39.397] [Server thread/INFO] [net.minecraft.server.MinecraftServer/]: [Not Secure] <MrWest02> tido sat
[14Aug2025 09:00:12.695] [Server thread/INFO] [net.minecraft.server.MinecraftServer/]: [Not Secure] <Meow> cepatla kontot
[14Aug2025 09:00:17.148] [Server thread/INFO] [net.minecraft.server.network.ServerGamePacketListenerImpl/]: Meow lost connection: Disconnected
[14Aug2025 09:00:17.149] [Server thread/INFO] [net.minecraft.server.MinecraftServer/]: Meow left the game
[14Aug2025 09:04:48.157] [Server thread/INFO] [net.minecraft.server.players.PlayerList/]: Meow[/182.62.70.212:10749] logged in with entity id 109182 at (128.5, 128.0, 398.5)
[14Aug2025 09:04:48.163] [Server thread/INFO] [net.minecraft.server.MinecraftServer/]: Meow joined the game
[14Aug2025 09:05:34.492] [Server thread/INFO] [net.minecraft.server.network.ServerGamePacketListenerImpl/]: Meow lost connection: Disconnected
[14Aug2025 09:05:34.493] [Server thread/INFO] [net.minecraft.server.MinecraftServer/]: Meow left the game
[14Aug2025 09:12:31.807] [Server thread/INFO] [net.minecraft.server.players.PlayerList/]: Meow[/182.62.70.212:10738] logged in with entity id 110254 at (131.14664967030984, 128.0, 395.9351505241122)
[14Aug2025 09:12:31.830] [Server thread/INFO] [net.minecraft.server.MinecraftServer/]: Meow joined the game
[14Aug2025 09:12:54.542] [Server thread/INFO] [net.minecraft.server.MinecraftServer/]: [Not Secure] <Meow> tidur ke
[14Aug2025 09:13:35.639] [Server thread/INFO] [net.minecraft.server.network.ServerGamePacketListenerImpl/]: Meow lost connection: Disconnected
[14Aug2025 09:13:35.641] [Server thread/INFO] [net.minecraft.server.MinecraftServer/]: Meow left the game
[14Aug2025 09:16:28.597] [Server thread/INFO] [net.minecraft.server.players.PlayerList/]: Meow[/182.62.70.212:10726] logged in with entity id 110943 at (125.47603834848925, 129.0, 398.3611209922646)
[14Aug2025 09:16:28.603] [Server thread/INFO] [net.minecraft.server.MinecraftServer/]: Meow joined the game
[14Aug2025 09:17:25.795] [Server thread/INFO] [net.minecraft.server.network.ServerGamePacketListenerImpl/]: Meow lost connection: Disconnected
[14Aug2025 09:17:25.797] [Server thread/INFO] [net.minecraft.server.MinecraftServer/]: Meow left the game
[14Aug2025 09:19:02.427] [Server thread/INFO] [net.minecraft.server.network.ServerLoginPacketListenerImpl/]: com.mojang.authlib.GameProfile@394a1ebf[id=<null>,name=Meow,properties={},legacy=false] (/182.62.70.212:10744) lost connection: Disconnected
[14Aug2025 09:19:09.420] [Server thread/INFO] [net.minecraft.server.players.PlayerList/]: Meow[/182.62.70.212:10746] logged in with entity id 111396 at (130.5731411561278, 128.0, 396.10392794505964)
[14Aug2025 09:19:09.431] [Server thread/INFO] [net.minecraft.server.MinecraftServer/]: Meow joined the game
[14Aug2025 09:19:14.144] [Server thread/INFO] [net.minecraft.server.network.ServerGamePacketListenerImpl/]: Meow lost connection: Disconnected
[14Aug2025 09:19:14.146] [Server thread/INFO] [net.minecraft.server.MinecraftServer/]: Meow left the game
[14Aug2025 09:19:58.079] [Server thread/INFO] [net.minecraft.server.network.ServerGamePacketListenerImpl/]: MrWest02 lost connection: Disconnected
[14Aug2025 09:19:58.080] [Server thread/INFO] [net.minecraft.server.MinecraftServer/]: MrWest02 left the game
[14Aug2025 09:31:05.264] [Server thread/INFO] [net.minecraft.server.MinecraftServer/]: Stopping the server
[14Aug2025 09:31:05.366] [Server thread/INFO] [net.minecraft.server.MinecraftServer/]: Stopping server
[14Aug2025 09:31:05.371] [Server thread/INFO] [net.minecraft.server.MinecraftServer/]: Saving players
[14Aug2025 09:31:05.372] [Server thread/INFO] [net.minecraft.server.MinecraftServer/]: Saving worlds
[14Aug2025 09:31:05.964] [Server thread/INFO] [net.minecraft.server.MinecraftServer/]: Saving chunks for level 'ServerLevel[world]'/minecraft:overworld
[14Aug2025 09:31:07.037] [Server thread/INFO] [net.minecraft.server.MinecraftServer/]: Saving chunks for level 'ServerLevel[world]'/minecraft:the_nether
[14Aug2025 09:31:07.041] [Server thread/INFO] [net.minecraft.server.MinecraftServer/]: Saving chunks for level 'ServerLevel[world]'/minecraft:the_end
[14Aug2025 09:31:07.075] [Server thread/INFO] [net.minecraft.server.MinecraftServer/]: ThreadedAnvilChunkStorage (world): All chunks are saved
[14Aug2025 09:31:07.075] [Server thread/INFO] [net.minecraft.server.MinecraftServer/]: ThreadedAnvilChunkStorage (DIM-1): All chunks are saved
[14Aug2025 09:31:07.075] [Server thread/INFO] [net.minecraft.server.MinecraftServer/]: ThreadedAnvilChunkStorage (DIM1): All chunks are saved
[14Aug2025 09:31:07.076] [Server thread/INFO] [net.minecraft.server.MinecraftServer/]: ThreadedAnvilChunkStorage: All dimensions are saved
[14Aug2025 09:31:07.200] [Server thread/INFO] [journeymap/]: Loading JourneyMap Forge Configs
